Build started 3/8/2018 11:25:12 PM.
     1>Project "D:\用户目录\我的文档\Visual Studio 2012\Projects\UltrasoundProject\UltrasoundProject\UltrasoundProject.vcxproj" on node 2 (Build target(s)).
     1>ClCompile:
         C:\Program Files (x86)\Microsoft Visual Studio 11.0\VC\bin\x86_amd64\CL.exe /c /I"C:\Program Files\MySQL\MySQL Server 5.5\include" /Zi /nologo /W3 /WX- /sdl /Od /D WIN32 /D _WINDOWS /D _DEBUG /D _CRT_SECURE_NO_WARNINGS /D _UNICODE /D UNICODE /D _AFXDLL /Gm /EHsc /RTC1 /MDd /GS /fp:precise /Zc:wchar_t /Zc:forScope /Yc"stdafx.h" /Fp"x64\Debug\UltrasoundProject.pch" /Fo"x64\Debug\\" /Fd"x64\Debug\vc110.pdb" /Gd /TP /showIncludes /errorReport:prompt stdafx.cpp
         stdafx.cpp
         Note: including file: d:\用户目录\我的文档\visual studio 2012\projects\ultrasoundproject\ultrasoundproject\stdafx.h
         Note: including file:  d:\用户目录\我的文档\visual studio 2012\projects\ultrasoundproject\ultrasoundproject\targetver.h
         Note: including file:   C:\Program Files (x86)\Windows Kits\8.0\Include\shared\SDKDDKVer.h
         Note: including file:  C:\Program Files (x86)\Microsoft Visual Studio 11.0\VC\atlmfc\include\afxwin.h
         Note: including file:   C:\Program Files (x86)\Microsoft Visual Studio 11.0\VC\atlmfc\include\afx.h
         Note: including file:    C:\Program Files (x86)\Microsoft Visual Studio 11.0\VC\include\new.h
         Note: including file:     C:\Program Files (x86)\Microsoft Visual Studio 11.0\VC\include\crtdefs.h
         Note: including file:      C:\Program Files (x86)\Microsoft Visual Studio 11.0\VC\include\sal.h
         Note: including file:       C:\Program Files (x86)\Microsoft Visual Studio 11.0\VC\include\ConcurrencySal.h
         Note: including file:      C:\Program Files (x86)\Microsoft Visual Studio 11.0\VC\include\vadefs.h
         Note: including file:    C:\Program Files (x86)\Microsoft Visual Studio 11.0\VC\atlmfc\include\afxver_.h
         Note: including file:     C:\Program Files (x86)\Microsoft Visual Studio 11.0\VC\atlmfc\include\afxv_w32.h
         Note: including file:      C:\Program Files (x86)\Windows Kits\8.0\Include\um\winsdkver.h
         Note: including file:       C:\Program Files (x86)\Windows Kits\8.0\Include\shared\winapifamily.h
         Note: including file:      C:\Program Files (x86)\Windows Kits\8.0\Include\um\windows.h
         Note: including file:       C:\Program Files (x86)\Microsoft Visual Studio 11.0\VC\include\excpt.h
         Note: including file:        C:\Program Files (x86)\Microsoft Visual Studio 11.0\VC\include\crtdefs.h
         Note: including file:       C:\Program Files (x86)\Microsoft Visual Studio 11.0\VC\include\stdarg.h
         Note: including file:       C:\Program Files (x86)\Windows Kits\8.0\Include\shared\windef.h
         Note: including file:        C:\Program Files (x86)\Windows Kits\8.0\Include\shared\minwindef.h
         Note: including file:         C:\Program Files (x86)\Windows Kits\8.0\Include\shared\specstrings.h
         Note: including file:          C:\Program Files (x86)\Windows Kits\8.0\Include\shared\specstrings_strict.h
         Note: including file:           C:\Program Files (x86)\Windows Kits\8.0\Include\shared\specstrings_undef.h
         Note: including file:          C:\Program Files (x86)\Windows Kits\8.0\Include\shared\driverspecs.h
         Note: including file:           c:\program files (x86)\windows kits\8.0\include\shared\sdv_driverspecs.h
         Note: including file:         C:\Program Files (x86)\Windows Kits\8.0\Include\um\winnt.h
         Note: including file:          C:\Program Files (x86)\Microsoft Visual Studio 11.0\VC\include\ctype.h
         Note: including file:           C:\Program Files (x86)\Microsoft Visual Studio 11.0\VC\include\crtdefs.h
         Note: including file:          C:\Program Files (x86)\Windows Kits\8.0\Include\shared\kernelspecs.h
         Note: including file:          C:\Program Files (x86)\Windows Kits\8.0\Include\shared\basetsd.h
         Note: including file:          C:\Program Files (x86)\Windows Kits\8.0\Include\shared\guiddef.h
         Note: including file:           C:\Program Files (x86)\Microsoft Visual Studio 11.0\VC\include\string.h
         Note: including file:            C:\Program Files (x86)\Microsoft Visual Studio 11.0\VC\include\crtdefs.h
         Note: including file:          c:\program files (x86)\windows kits\8.0\include\shared\pshpack4.h
         Note: including file:          c:\program files (x86)\windows kits\8.0\include\shared\poppack.h
         Note: including file:          C:\Program Files (x86)\Windows Kits\8.0\Include\shared\pshpack4.h
         Note: including file:          C:\Program Files (x86)\Windows Kits\8.0\Include\shared\poppack.h
         Note: including file:          c:\program files (x86)\windows kits\8.0\include\shared\pshpack4.h
         Note: including file:          c:\program files (x86)\windows kits\8.0\include\shared\pshpack2.h
         Note: including file:          c:\program files (x86)\windows kits\8.0\include\shared\poppack.h
         Note: including file:          c:\program files (x86)\windows kits\8.0\include\shared\pshpack2.h
         Note: including file:          C:\Program Files (x86)\Windows Kits\8.0\Include\shared\pshpack2.h
         Note: including file:          C:\Program Files (x86)\Windows Kits\8.0\Include\shared\poppack.h
         Note: including file:          c:\program files (x86)\windows kits\8.0\include\shared\poppack.h
         Note: including file:          c:\program files (x86)\windows kits\8.0\include\shared\pshpack8.h
         Note: including file:          c:\program files (x86)\windows kits\8.0\include\shared\poppack.h
         Note: including file:          c:\program files (x86)\windows kits\8.0\include\shared\poppack.h
         Note: including file:          C:\Program Files (x86)\Windows Kits\8.0\Include\shared\apiset.h
         Note: including file:          C:\Program Files (x86)\Windows Kits\8.0\Include\shared\ktmtypes.h
         Note: including file:        C:\Program Files (x86)\Windows Kits\8.0\Include\um\winnt.h
         Note: including file:       C:\Program Files (x86)\Windows Kits\8.0\Include\um\winbase.h
         Note: including file:        C:\Program Files (x86)\Windows Kits\8.0\Include\shared\apisetcconv.h
         Note: including file:        C:\Program Files (x86)\Windows Kits\8.0\Include\um\minwinbase.h
         Note: including file:        C:\Program Files (x86)\Windows Kits\8.0\Include\um\processenv.h
         Note: including file:         C:\Program Files (x86)\Windows Kits\8.0\Include\shared\apiset.h
         Note: including file:         C:\Program Files (x86)\Windows Kits\8.0\Include\shared\apisetcconv.h
         Note: including file:        C:\Program Files (x86)\Windows Kits\8.0\Include\um\fileapi.h
         Note: including file:         C:\Program Files (x86)\Windows Kits\8.0\Include\shared\apiset.h
         Note: including file:         C:\Program Files (x86)\Windows Kits\8.0\Include\shared\apisetcconv.h
         Note: including file:        C:\Program Files (x86)\Windows Kits\8.0\Include\um\debugapi.h
         Note: including file:         C:\Program Files (x86)\Windows Kits\8.0\Include\shared\apiset.h
         Note: including file:         C:\Program Files (x86)\Windows Kits\8.0\Include\shared\apisetcconv.h
         Note: including file:        C:\Program Files (x86)\Windows Kits\8.0\Include\um\utilapiset.h
         Note: including file:         C:\Program Files (x86)\Windows Kits\8.0\Include\shared\apiset.h
         Note: including file:         C:\Program Files (x86)\Windows Kits\8.0\Include\shared\apisetcconv.h
         Note: including file:        C:\Program Files (x86)\Windows Kits\8.0\Include\um\handleapi.h
         Note: including file:         C:\Program Files (x86)\Windows Kits\8.0\Include\shared\apiset.h
         Note: including file:         C:\Program Files (x86)\Windows Kits\8.0\Include\shared\apisetcconv.h
         Note: including file:        C:\Program Files (x86)\Windows Kits\8.0\Include\um\errhandlingapi.h
         Note: including file:         C:\Program Files (x86)\Windows Kits\8.0\Include\shared\apiset.h
         Note: including file:         C:\Program Files (x86)\Windows Kits\8.0\Include\shared\apisetcconv.h
         Note: including file:        C:\Program Files (x86)\Windows Kits\8.0\Include\um\fibersapi.h
         Note: including file:         C:\Program Files (x86)\Windows Kits\8.0\Include\shared\apiset.h
         Note: including file:         C:\Program Files (x86)\Windows Kits\8.0\Include\shared\apisetcconv.h
         Note: including file:        C:\Program Files (x86)\Windows Kits\8.0\Include\um\namedpipeapi.h
         Note: including file:         C:\Program Files (x86)\Windows Kits\8.0\Include\shared\apiset.h
         Note: including file:         C:\Program Files (x86)\Windows Kits\8.0\Include\shared\apisetcconv.h
         Note: including file:        C:\Program Files (x86)\Windows Kits\8.0\Include\um\profileapi.h
         Note: including file:         C:\Program Files (x86)\Windows Kits\8.0\Include\shared\apiset.h
         Note: including file:         C:\Program Files (x86)\Windows Kits\8.0\Include\shared\apisetcconv.h
         Note: including file:        C:\Program Files (x86)\Windows Kits\8.0\Include\um\heapapi.h
         Note: including file:         C:\Program Files (x86)\Windows Kits\8.0\Include\shared\apiset.h
         Note: including file:         C:\Program Files (x86)\Windows Kits\8.0\Include\shared\apisetcconv.h
         Note: including file:        C:\Program Files (x86)\Windows Kits\8.0\Include\um\ioapiset.h
         Note: including file:         C:\Program Files (x86)\Windows Kits\8.0\Include\shared\apiset.h
         Note: including file:         C:\Program Files (x86)\Windows Kits\8.0\Include\shared\apisetcconv.h
         Note: including file:        C:\Program Files (x86)\Windows Kits\8.0\Include\um\synchapi.h
         Note: including file:         C:\Program Files (x86)\Windows Kits\8.0\Include\shared\apiset.h
         Note: including file:         C:\Program Files (x86)\Windows Kits\8.0\Include\shared\apisetcconv.h
         Note: including file:        C:\Program Files (x86)\Windows Kits\8.0\Include\um\interlockedapi.h
         Note: including file:         C:\Program Files (x86)\Windows Kits\8.0\Include\shared\apiset.h
         Note: including file:         C:\Program Files (x86)\Windows Kits\8.0\Include\shared\apisetcconv.h
         Note: including file:        C:\Program Files (x86)\Windows Kits\8.0\Include\um\processthreadsapi.h
         Note: including file:         C:\Program Files (x86)\Windows Kits\8.0\Include\shared\apiset.h
         Note: including file:         C:\Program Files (x86)\Windows Kits\8.0\Include\shared\apisetcconv.h
         Note: including file:        C:\Program Files (x86)\Windows Kits\8.0\Include\um\sysinfoapi.h
         Note: including file:         C:\Program Files (x86)\Windows Kits\8.0\Include\shared\apiset.h
         Note: including file:         C:\Program Files (x86)\Windows Kits\8.0\Include\shared\apisetcconv.h
         Note: including file:        C:\Program Files (x86)\Windows Kits\8.0\Include\um\memoryapi.h
         Note: including file:         C:\Program Files (x86)\Windows Kits\8.0\Include\shared\apiset.h
         Note: including file:         C:\Program Files (x86)\Windows Kits\8.0\Include\shared\apisetcconv.h
         Note: including file:        C:\Program Files (x86)\Windows Kits\8.0\Include\um\threadpoollegacyapiset.h
         Note: including file:         C:\Program Files (x86)\Windows Kits\8.0\Include\shared\apiset.h
         Note: including file:         C:\Program Files (x86)\Windows Kits\8.0\Include\shared\apisetcconv.h
         Note: including file:        C:\Program Files (x86)\Windows Kits\8.0\Include\um\threadpoolapiset.h
         Note: including file:         C:\Program Files (x86)\Windows Kits\8.0\Include\shared\apiset.h
         Note: including file:         C:\Program Files (x86)\Windows Kits\8.0\Include\shared\apisetcconv.h
         Note: including file:        C:\Program Files (x86)\Windows Kits\8.0\Include\um\bemapiset.h
         Note: including file:         C:\Program Files (x86)\Windows Kits\8.0\Include\shared\apiset.h
         Note: including file:         C:\Program Files (x86)\Windows Kits\8.0\Include\shared\apisetcconv.h
         Note: including file:        C:\Program Files (x86)\Windows Kits\8.0\Include\um\jobapi.h
         Note: including file:         C:\Program Files (x86)\Windows Kits\8.0\Include\shared\apiset.h
         Note: including file:         C:\Program Files (x86)\Windows Kits\8.0\Include\shared\apisetcconv.h
         Note: including file:        C:\Program Files (x86)\Windows Kits\8.0\Include\um\wow64apiset.h
         Note: including file:         C:\Program Files (x86)\Windows Kits\8.0\Include\shared\apiset.h
         Note: including file:         C:\Program Files (x86)\Windows Kits\8.0\Include\shared\apisetcconv.h
         Note: including file:        C:\Program Files (x86)\Windows Kits\8.0\Include\um\libloaderapi.h
         Note: including file:         C:\Program Files (x86)\Windows Kits\8.0\Include\shared\apiset.h
         Note: including file:         C:\Program Files (x86)\Windows Kits\8.0\Include\shared\apisetcconv.h
         Note: including file:        C:\Program Files (x86)\Windows Kits\8.0\Include\um\securitybaseapi.h
         Note: including file:         C:\Program Files (x86)\Windows Kits\8.0\Include\shared\apiset.h
         Note: including file:         C:\Program Files (x86)\Windows Kits\8.0\Include\shared\apisetcconv.h
         Note: including file:        C:\Program Files (x86)\Windows Kits\8.0\Include\um\namespaceapi.h
         Note: including file:         C:\Program Files (x86)\Windows Kits\8.0\Include\shared\apiset.h
         Note: including file:         C:\Program Files (x86)\Windows Kits\8.0\Include\shared\apisetcconv.h
         Note: including file:        C:\Program Files (x86)\Windows Kits\8.0\Include\um\systemtopologyapi.h
         Note: including file:         C:\Program Files (x86)\Windows Kits\8.0\Include\shared\apiset.h
         Note: including file:         C:\Program Files (x86)\Windows Kits\8.0\Include\shared\apisetcconv.h
         Note: including file:        C:\Program Files (x86)\Windows Kits\8.0\Include\um\processtopologyapi.h
         Note: including file:         C:\Program Files (x86)\Windows Kits\8.0\Include\shared\apiset.h
         Note: including file:         C:\Program Files (x86)\Windows Kits\8.0\Include\shared\apisetcconv.h
         Note: including file:        C:\Program Files (x86)\Windows Kits\8.0\Include\um\securityappcontainer.h
         Note: including file:         C:\Program Files (x86)\Windows Kits\8.0\Include\shared\apiset.h
         Note: including file:         C:\Program Files (x86)\Windows Kits\8.0\Include\shared\apisetcconv.h
         Note: including file:        C:\Program Files (x86)\Windows Kits\8.0\Include\um\realtimeapiset.h
         Note: including file:         C:\Program Files (x86)\Windows Kits\8.0\Include\shared\apiset.h
         Note: including file:         C:\Program Files (x86)\Windows Kits\8.0\Include\shared\apisetcconv.h
         Note: including file:        C:\Program Files (x86)\Windows Kits\8.0\Include\shared\winerror.h
         Note: including file:        C:\Program Files (x86)\Windows Kits\8.0\Include\um\timezoneapi.h
         Note: including file:         C:\Program Files (x86)\Windows Kits\8.0\Include\shared\apiset.h
         Note: including file:         C:\Program Files (x86)\Windows Kits\8.0\Include\shared\apisetcconv.h
         Note: including file:       C:\Program Files (x86)\Windows Kits\8.0\Include\um\wingdi.h
         Note: including file:        C:\Program Files (x86)\Windows Kits\8.0\Include\shared\pshpack1.h
         Note: including file:        C:\Program Files (x86)\Windows Kits\8.0\Include\shared\poppack.h
         Note: including file:        C:\Program Files (x86)\Windows Kits\8.0\Include\shared\pshpack2.h
         Note: including file:        C:\Program Files (x86)\Windows Kits\8.0\Include\shared\poppack.h
         Note: including file:        C:\Program Files (x86)\Windows Kits\8.0\Include\shared\pshpack2.h
         Note: including file:        C:\Program Files (x86)\Windows Kits\8.0\Include\shared\poppack.h
         Note: including file:        C:\Program Files (x86)\Windows Kits\8.0\Include\shared\pshpack4.h
         Note: including file:        C:\Program Files (x86)\Windows Kits\8.0\Include\shared\poppack.h
         Note: including file:        C:\Program Files (x86)\Windows Kits\8.0\Include\shared\pshpack4.h
         Note: including file:        C:\Program Files (x86)\Windows Kits\8.0\Include\shared\poppack.h
         Note: including file:       C:\Program Files (x86)\Windows Kits\8.0\Include\um\winuser.h
         Note: including file:        C:\Program Files (x86)\Windows Kits\8.0\Include\shared\pshpack2.h
         Note: including file:        C:\Program Files (x86)\Windows Kits\8.0\Include\shared\poppack.h
         Note: including file:        C:\Program Files (x86)\Windows Kits\8.0\Include\shared\tvout.h
         Note: including file:       C:\Program Files (x86)\Windows Kits\8.0\Include\um\winnls.h
         Note: including file:        C:\Program Files (x86)\Windows Kits\8.0\Include\um\datetimeapi.h
         Note: including file:         C:\Program Files (x86)\Windows Kits\8.0\Include\shared\apiset.h
         Note: including file:         C:\Program Files (x86)\Windows Kits\8.0\Include\shared\apisetcconv.h
         Note: including file:        C:\Program Files (x86)\Windows Kits\8.0\Include\um\stringapiset.h
         Note: including file:         C:\Program Files (x86)\Windows Kits\8.0\Include\shared\apiset.h
         Note: including file:         C:\Program Files (x86)\Windows Kits\8.0\Include\shared\apisetcconv.h
         Note: including file:         C:\Program Files (x86)\Windows Kits\8.0\Include\um\winnls.h
         Note: including file:       C:\Program Files (x86)\Windows Kits\8.0\Include\um\wincon.h
         Note: including file:        C:\Program Files (x86)\Windows Kits\8.0\Include\um\consoleapi.h
         Note: including file:         C:\Program Files (x86)\Windows Kits\8.0\Include\shared\apiset.h
         Note: including file:         C:\Program Files (x86)\Windows Kits\8.0\Include\shared\apisetcconv.h
         Note: including file:       C:\Program Files (x86)\Windows Kits\8.0\Include\um\winver.h
         Note: including file:        C:\Program Files (x86)\Windows Kits\8.0\Include\um\verrsrc.h
         Note: including file:       C:\Program Files (x86)\Windows Kits\8.0\Include\um\winreg.h
         Note: including file:        C:\Program Files (x86)\Windows Kits\8.0\Include\shared\apiset.h
         Note: including file:        C:\Program Files (x86)\Windows Kits\8.0\Include\shared\apisetcconv.h
         Note: including file:        C:\Program Files (x86)\Windows Kits\8.0\Include\um\reason.h
         Note: including file:       C:\Program Files (x86)\Windows Kits\8.0\Include\um\winnetwk.h
         Note: including file:        C:\Program Files (x86)\Windows Kits\8.0\Include\shared\wnnc.h
         Note: including file:       C:\Program Files (x86)\Windows Kits\8.0\Include\shared\stralign.h
         Note: including file:      C:\Program Files (x86)\Windows Kits\8.0\Include\um\zmouse.h
         Note: including file:      C:\Program Files (x86)\Windows Kits\8.0\Include\um\commctrl.h
         Note: including file:       C:\Program Files (x86)\Windows Kits\8.0\Include\um\prsht.h
         Note: including file:        C:\Program Files (x86)\Windows Kits\8.0\Include\shared\pshpack8.h
         Note: including file:        C:\Program Files (x86)\Windows Kits\8.0\Include\shared\poppack.h
         Note: including file:       C:\Program Files (x86)\Windows Kits\8.0\Include\shared\pshpack1.h
         Note: including file:       C:\Program Files (x86)\Windows Kits\8.0\Include\shared\poppack.h
         Note: including file:       C:\Program Files (x86)\Windows Kits\8.0\Include\shared\pshpack1.h
         Note: including file:       C:\Program Files (x86)\Windows Kits\8.0\Include\shared\poppack.h
         Note: including file:       C:\Program Files (x86)\Windows Kits\8.0\Include\shared\pshpack1.h
         Note: including file:       C:\Program Files (x86)\Windows Kits\8.0\Include\shared\poppack.h
         Note: including file:       C:\Program Files (x86)\Windows Kits\8.0\Include\shared\pshpack1.h
         Note: including file:       C:\Program Files (x86)\Windows Kits\8.0\Include\shared\poppack.h
         Note: including file:       C:\Program Files (x86)\Windows Kits\8.0\Include\shared\pshpack1.h
         Note: including file:       C:\Program Files (x86)\Windows Kits\8.0\Include\shared\poppack.h
         Note: including file:      C:\Program Files (x86)\Microsoft Visual Studio 11.0\VC\include\tchar.h
         Note: including file:       C:\Program Files (x86)\Microsoft Visual Studio 11.0\VC\include\crtdefs.h
         Note: including file:       C:\Program Files (x86)\Microsoft Visual Studio 11.0\VC\include\wchar.h
         Note: including file:        C:\Program Files (x86)\Microsoft Visual Studio 11.0\VC\include\crtdefs.h
         Note: including file:        C:\Program Files (x86)\Microsoft Visual Studio 11.0\VC\include\swprintf.inl
         Note: including file:        C:\Program Files (x86)\Microsoft Visual Studio 11.0\VC\include\wtime.inl
         Note: including file:     C:\Program Files (x86)\Microsoft Visual Studio 11.0\VC\atlmfc\include\afxv_cpu.h
         Note: including file:     C:\Program Files (x86)\Microsoft Visual Studio 11.0\VC\atlmfc\include\afxv_dll.h
         Note: including file:    C:\Program Files (x86)\Microsoft Visual Studio 11.0\VC\include\stdio.h
         Note: including file:     C:\Program Files (x86)\Microsoft Visual Studio 11.0\VC\include\crtdefs.h
         Note: including file:    C:\Program Files (x86)\Microsoft Visual Studio 11.0\VC\include\stdlib.h
         Note: including file:     C:\Program Files (x86)\Microsoft Visual Studio 11.0\VC\include\crtdefs.h
         Note: including file:     C:\Program Files (x86)\Microsoft Visual Studio 11.0\VC\include\limits.h
         Note: including file:      C:\Program Files (x86)\Microsoft Visual Studio 11.0\VC\include\crtdefs.h
         Note: including file:    C:\Program Files (x86)\Microsoft Visual Studio 11.0\VC\include\time.h
         Note: including file:     C:\Program Files (x86)\Microsoft Visual Studio 11.0\VC\include\crtdefs.h
         Note: including file:     C:\Program Files (x86)\Microsoft Visual Studio 11.0\VC\include\time.inl
         Note: including file:    C:\Program Files (x86)\Microsoft Visual Studio 11.0\VC\include\stddef.h
         Note: including file:     C:\Program Files (x86)\Microsoft Visual Studio 11.0\VC\include\crtdefs.h
         Note: including file:    C:\Program Files (x86)\Microsoft Visual Studio 11.0\VC\include\errno.h
         Note: including file:     C:\Program Files (x86)\Microsoft Visual Studio 11.0\VC\include\crtdefs.h
         Note: including file:    C:\Program Files (x86)\Microsoft Visual Studio 11.0\VC\include\malloc.h
         Note: including file:     C:\Program Files (x86)\Microsoft Visual Studio 11.0\VC\include\crtdefs.h
         Note: including file:    C:\Program Files (x86)\Microsoft Visual Studio 11.0\VC\include\crtdbg.h
         Note: including file:     C:\Program Files (x86)\Microsoft Visual Studio 11.0\VC\include\crtdefs.h
         Note: including file:    C:\Program Files (x86)\Microsoft Visual Studio 11.0\VC\atlmfc\include\atltrace.h
         Note: including file:     C:\Program Files (x86)\Microsoft Visual Studio 11.0\VC\atlmfc\include\atldef.h
         Note: including file:      C:\Program Files (x86)\Microsoft Visual Studio 11.0\VC\atlmfc\include\atlrc.h
         Note: including file:     C:\Program Files (x86)\Microsoft Visual Studio 11.0\VC\atlmfc\include\atlconv.h
         Note: including file:      C:\Program Files (x86)\Microsoft Visual Studio 11.0\VC\atlmfc\include\atlalloc.h
         Note: including file:       C:\Program Files (x86)\Windows Kits\8.0\Include\um\ole2.h
         Note: including file:        C:\Program Files (x86)\Windows Kits\8.0\Include\shared\pshpack8.h
         Note: including file:        C:\Program Files (x86)\Windows Kits\8.0\Include\um\objbase.h
         Note: including file:         C:\Program Files (x86)\Windows Kits\8.0\Include\shared\rpc.h
         Note: including file:          C:\Program Files (x86)\Windows Kits\8.0\Include\shared\pshpack8.h
         Note: including file:          C:\Program Files (x86)\Windows Kits\8.0\Include\shared\rpcdce.h
         Note: including file:           C:\Program Files (x86)\Windows Kits\8.0\Include\shared\rpcdcep.h
         Note: including file:          C:\Program Files (x86)\Windows Kits\8.0\Include\um\rpcnsi.h
         Note: including file:          C:\Program Files (x86)\Windows Kits\8.0\Include\shared\rpcnterr.h
         Note: including file:          C:\Program Files (x86)\Windows Kits\8.0\Include\shared\rpcasync.h
         Note: including file:           C:\Program Files (x86)\Windows Kits\8.0\Include\shared\pshpack8.h
         Note: including file:           C:\Program Files (x86)\Windows Kits\8.0\Include\shared\poppack.h
         Note: including file:          C:\Program Files (x86)\Windows Kits\8.0\Include\shared\poppack.h
         Note: including file:         C:\Program Files (x86)\Windows Kits\8.0\Include\shared\rpcndr.h
         Note: including file:          C:\Program Files (x86)\Windows Kits\8.0\Include\shared\pshpack8.h
         Note: including file:          C:\Program Files (x86)\Windows Kits\8.0\Include\um\rpcnsip.h
         Note: including file:          C:\Program Files (x86)\Windows Kits\8.0\Include\shared\rpcsal.h
         Note: including file:          C:\Program Files (x86)\Windows Kits\8.0\Include\shared\poppack.h
         Note: including file:         C:\Program Files (x86)\Windows Kits\8.0\Include\shared\pshpack8.h
         Note: including file:         C:\Program Files (x86)\Windows Kits\8.0\Include\um\combaseapi.h
         Note: including file:          C:\Program Files (x86)\Windows Kits\8.0\Include\shared\apiset.h
         Note: including file:          C:\Program Files (x86)\Windows Kits\8.0\Include\shared\apisetcconv.h
         Note: including file:          C:\Program Files (x86)\Windows Kits\8.0\Include\shared\pshpack8.h
         Note: including file:          C:\Program Files (x86)\Windows Kits\8.0\Include\shared\wtypesbase.h
         Note: including file:           c:\program files (x86)\windows kits\8.0\include\shared\guiddef.h
         Note: including file:          C:\Program Files (x86)\Windows Kits\8.0\Include\um\unknwnbase.h
         Note: including file:          C:\Program Files (x86)\Windows Kits\8.0\Include\um\objidlbase.h
         Note: including file:          C:\Program Files (x86)\Windows Kits\8.0\Include\shared\guiddef.h
         Note: including file:          C:\Program Files (x86)\Windows Kits\8.0\Include\um\cguid.h
         Note: including file:          C:\Program Files (x86)\Windows Kits\8.0\Include\shared\poppack.h
         Note: including file:         C:\Program Files (x86)\Windows Kits\8.0\Include\um\objidl.h
         Note: including file:          c:\program files (x86)\windows kits\8.0\include\um\unknwn.h
         Note: including file:           C:\Program Files (x86)\Windows Kits\8.0\Include\shared\wtypes.h
         Note: including file:         C:\Program Files (x86)\Windows Kits\8.0\Include\um\urlmon.h
         Note: including file:          c:\program files (x86)\windows kits\8.0\include\um\oleidl.h
         Note: including file:          c:\program files (x86)\windows kits\8.0\include\um\servprov.h
         Note: including file:          c:\program files (x86)\windows kits\8.0\include\um\msxml.h
         Note: including file:           c:\program files (x86)\windows kits\8.0\include\um\oaidl.h
         Note: including file:         C:\Program Files (x86)\Windows Kits\8.0\Include\um\propidl.h
         Note: including file:         C:\Program Files (x86)\Windows Kits\8.0\Include\shared\poppack.h
         Note: including file:        C:\Program Files (x86)\Windows Kits\8.0\Include\um\oleauto.h
         Note: including file:         C:\Program Files (x86)\Windows Kits\8.0\Include\shared\pshpack8.h
         Note: including file:         C:\Program Files (x86)\Windows Kits\8.0\Include\shared\poppack.h
         Note: including file:        C:\Program Files (x86)\Windows Kits\8.0\Include\shared\poppack.h
         Note: including file:     C:\Program Files (x86)\Microsoft Visual Studio 11.0\VC\atlmfc\include\atldebugapi.h
         Note: including file:    C:\Program Files (x86)\Microsoft Visual Studio 11.0\VC\atlmfc\include\afxstr.h
         Note: including file:     C:\Program Files (x86)\Microsoft Visual Studio 11.0\VC\include\mbstring.h
         Note: including file:      C:\Program Files (x86)\Microsoft Visual Studio 11.0\VC\include\crtdefs.h
         Note: including file:     C:\Program Files (x86)\Microsoft Visual Studio 11.0\VC\atlmfc\include\atlcore.h
         Note: including file:      C:\Program Files (x86)\Microsoft Visual Studio 11.0\VC\atlmfc\include\atlchecked.h
         Note: including file:       C:\Program Files (x86)\Microsoft Visual Studio 11.0\VC\atlmfc\include\atlexcept.h
         Note: including file:      C:\Program Files (x86)\Microsoft Visual Studio 11.0\VC\atlmfc\include\atlsimpcoll.h
         Note: including file:     C:\Program Files (x86)\Microsoft Visual Studio 11.0\VC\atlmfc\include\cstringt.h
         Note: including file:      C:\Program Files (x86)\Microsoft Visual Studio 11.0\VC\atlmfc\include\atlsimpstr.h
         Note: including file:       C:\Program Files (x86)\Microsoft Visual Studio 11.0\VC\atlmfc\include\atlmem.h
         Note: including file:        C:\Program Files (x86)\Microsoft Visual Studio 11.0\VC\atlmfc\include\atlcommem.h
         Note: including file:         C:\Program Files (x86)\Microsoft Visual Studio 11.0\VC\atlmfc\include\atlcomcli.h
         Note: including file:          C:\Program Files (x86)\Windows Kits\8.0\Include\um\olectl.h
         Note: including file:           C:\Program Files (x86)\Windows Kits\8.0\Include\shared\pshpack8.h
         Note: including file:           C:\Program Files (x86)\Windows Kits\8.0\Include\um\ocidl.h
         Note: including file:           C:\Program Files (x86)\Windows Kits\8.0\Include\shared\poppack.h
         Note: including file:      C:\Program Files (x86)\Microsoft Visual Studio 11.0\VC\atlmfc\include\cstringt.inl
         Note: including file:    C:\Program Files (x86)\Microsoft Visual Studio 11.0\VC\atlmfc\include\atltransactionmanager.h
         Note: including file:     C:\Program Files (x86)\Windows Kits\8.0\Include\um\ktmw32.h
         Note: including file:    C:\Program Files (x86)\Microsoft Visual Studio 11.0\VC\atlmfc\include\atltime.h
         Note: including file:     C:\Program Files (x86)\Windows Kits\8.0\Include\um\oledb.h
         Note: including file:      c:\program files (x86)\windows kits\8.0\include\um\transact.h
         Note: including file:      C:\Program Files (x86)\Windows Kits\8.0\Include\shared\pshpack8.h
         Note: including file:      C:\Program Files (x86)\Windows Kits\8.0\Include\um\accctrl.h
         Note: including file:      C:\Program Files (x86)\Windows Kits\8.0\Include\shared\poppack.h
         Note: including file:    C:\Program Files (x86)\Microsoft Visual Studio 11.0\VC\atlmfc\include\afxcoll.h
         Note: including file:     C:\Program Files (x86)\Microsoft Visual Studio 11.0\VC\atlmfc\include\afxstat_.h
         Note: including file:      C:\Program Files (x86)\Microsoft Visual Studio 11.0\VC\atlmfc\include\atltypes.h
         Note: including file:      C:\Program Files (x86)\Microsoft Visual Studio 11.0\VC\atlmfc\include\afxtls_.h
         Note: including file:    C:\Program Files (x86)\Microsoft Visual Studio 11.0\VC\atlmfc\include\afx.inl
         Note: including file:   C:\Program Files (x86)\Windows Kits\8.0\Include\um\shellapi.h
         Note: including file:   C:\Program Files (x86)\Microsoft Visual Studio 11.0\VC\atlmfc\include\afxres.h
         Note: including file:   C:\Program Files (x86)\Windows Kits\8.0\Include\um\commdlg.h
         Note: including file:    C:\Program Files (x86)\Windows Kits\8.0\Include\um\prsht.h
         Note: including file:   C:\Program Files (x86)\Microsoft Visual Studio 11.0\VC\atlmfc\include\afxctrlcontainer.h
         Note: including file:   C:\Program Files (x86)\Windows Kits\8.0\Include\um\shobjidl.h
         Note: including file:    c:\program files (x86)\windows kits\8.0\include\um\docobj.h
         Note: including file:    c:\program files (x86)\windows kits\8.0\include\um\shtypes.h
         Note: including file:     C:\Program Files (x86)\Windows Kits\8.0\Include\shared\pshpack1.h
         Note: including file:     C:\Program Files (x86)\Windows Kits\8.0\Include\shared\poppack.h
         Note: including file:     C:\Program Files (x86)\Windows Kits\8.0\Include\shared\pshpack1.h
         Note: including file:     C:\Program Files (x86)\Windows Kits\8.0\Include\shared\poppack.h
         Note: including file:     C:\Program Files (x86)\Windows Kits\8.0\Include\shared\pshpack8.h
         Note: including file:     C:\Program Files (x86)\Windows Kits\8.0\Include\shared\poppack.h
         Note: including file:     C:\Program Files (x86)\Windows Kits\8.0\Include\shared\pshpack1.h
         Note: including file:     C:\Program Files (x86)\Windows Kits\8.0\Include\shared\poppack.h
         Note: including file:    c:\program files (x86)\windows kits\8.0\include\um\comcat.h
         Note: including file:    c:\program files (x86)\windows kits\8.0\include\um\prsht.h
         Note: including file:    c:\program files (x86)\windows kits\8.0\include\um\propsys.h
         Note: including file:     c:\program files (x86)\windows kits\8.0\include\um\StructuredQueryCondition.h
         Note: including file:     C:\Program Files (x86)\Windows Kits\8.0\Include\um\propkeydef.h
         Note: including file:    c:\program files (x86)\windows kits\8.0\include\um\ObjectArray.h
         Note: including file:    C:\Program Files (x86)\Windows Kits\8.0\Include\um\sherrors.h
         Note: including file:    C:\Program Files (x86)\Windows Kits\8.0\Include\shared\pshpack8.h
         Note: including file:    C:\Program Files (x86)\Windows Kits\8.0\Include\shared\poppack.h
         Note: including file:    C:\Program Files (x86)\Windows Kits\8.0\Include\shared\pshpack8.h
         Note: including file:    C:\Program Files (x86)\Windows Kits\8.0\Include\shared\poppack.h
         Note: including file:    C:\Program Files (x86)\Windows Kits\8.0\Include\um\prsht.h
         Note: including file:    C:\Program Files (x86)\Windows Kits\8.0\Include\shared\pshpack8.h
         Note: including file:    C:\Program Files (x86)\Windows Kits\8.0\Include\shared\poppack.h
         Note: including file:    C:\Program Files (x86)\Windows Kits\8.0\Include\shared\pshpack8.h
         Note: including file:    C:\Program Files (x86)\Windows Kits\8.0\Include\shared\poppack.h
         Note: including file:    C:\Program Files (x86)\Windows Kits\8.0\Include\shared\pshpack8.h
         Note: including file:    C:\Program Files (x86)\Windows Kits\8.0\Include\shared\poppack.h
         Note: including file:    C:\Program Files (x86)\Windows Kits\8.0\Include\shared\pshpack8.h
         Note: including file:    C:\Program Files (x86)\Windows Kits\8.0\Include\shared\poppack.h
         Note: including file:    C:\Program Files (x86)\Windows Kits\8.0\Include\shared\pshpack8.h
         Note: including file:    C:\Program Files (x86)\Windows Kits\8.0\Include\shared\poppack.h
         Note: including file:    C:\Program Files (x86)\Windows Kits\8.0\Include\shared\pshpack1.h
         Note: including file:    C:\Program Files (x86)\Windows Kits\8.0\Include\shared\poppack.h
         Note: including file:    C:\Program Files (x86)\Windows Kits\8.0\Include\shared\pshpack8.h
         Note: including file:    C:\Program Files (x86)\Windows Kits\8.0\Include\shared\poppack.h
         Note: including file:   C:\Program Files (x86)\Windows Kits\8.0\Include\um\thumbcache.h
         Note: including file:   C:\Program Files (x86)\Microsoft Visual Studio 11.0\VC\atlmfc\include\atlhandler.h
         Note: including file:    C:\Program Files (x86)\Windows Kits\8.0\Include\um\filter.h
         Note: including file:    C:\Program Files (x86)\Microsoft Visual Studio 11.0\VC\atlmfc\include\atlstr.h
         Note: including file:     C:\Program Files (x86)\Microsoft Visual Studio 11.0\VC\atlmfc\include\atlbase.h
         Note: including file:      C:\Program Files (x86)\Windows Kits\8.0\Include\um\winsock2.h
         Note: including file:       C:\Program Files (x86)\Windows Kits\8.0\Include\shared\ws2def.h
         Note: including file:        C:\Program Files (x86)\Windows Kits\8.0\Include\shared\inaddr.h
         Note: including file:       C:\Program Files (x86)\Windows Kits\8.0\Include\shared\qos.h
         Note: including file:      C:\Program Files (x86)\Microsoft Visual Studio 11.0\VC\atlmfc\include\atliface.h
         Note: including file:       C:\Program Files (x86)\Windows Kits\8.0\Include\um\oleacc.h
         Note: including file:      C:\Program Files (x86)\Microsoft Visual Studio 11.0\VC\include\process.h
         Note: including file:       C:\Program Files (x86)\Microsoft Visual Studio 11.0\VC\include\crtdefs.h
         Note: including file:      C:\Program Files (x86)\Windows Kits\8.0\Include\um\shlwapi.h
         Note: including file:       C:\Program Files (x86)\Windows Kits\8.0\Include\shared\pshpack8.h
         Note: including file:       C:\Program Files (x86)\Windows Kits\8.0\Include\shared\poppack.h
         Note: including file:      C:\Program Files (x86)\Microsoft Visual Studio 11.0\VC\atlmfc\include\statreg.h
         Note: including file:      C:\Program Files (x86)\Microsoft Visual Studio 11.0\VC\atlmfc\include\atlbase.inl
         Note: including file:     C:\Program Files (x86)\Windows Kits\8.0\Include\um\winnls.h
         Note: including file:   C:\Program Files (x86)\Windows Kits\8.0\Include\um\tpcshrd.h
         Note: including file:   C:\Program Files (x86)\Windows Kits\8.0\Include\um\vssym32.h
         Note: including file:    c:\program files (x86)\windows kits\8.0\include\um\VSStyle.h
         Note: including file:   C:\Program Files (x86)\Windows Kits\8.0\Include\shared\ws2ipdef.h
         Note: including file:    C:\Program Files (x86)\Windows Kits\8.0\Include\shared\in6addr.h
         Note: including file:   C:\Program Files (x86)\Windows Kits\8.0\Include\um\windns.h
         Note: including file:   C:\Program Files (x86)\Windows Kits\8.0\Include\um\iphlpapi.h
         Note: including file:    C:\Program Files (x86)\Windows Kits\8.0\Include\shared\iprtrmib.h
         Note: including file:     C:\Program Files (x86)\Windows Kits\8.0\Include\um\mprapi.h
         Note: including file:      C:\Program Files (x86)\Windows Kits\8.0\Include\shared\lmcons.h
         Note: including file:      C:\Program Files (x86)\Windows Kits\8.0\Include\um\ras.h
         Note: including file:       C:\Program Files (x86)\Windows Kits\8.0\Include\shared\pshpack4.h
         Note: including file:       C:\Program Files (x86)\Windows Kits\8.0\Include\shared\poppack.h
         Note: including file:      C:\Program Files (x86)\Windows Kits\8.0\Include\um\wincrypt.h
         Note: including file:       C:\Program Files (x86)\Windows Kits\8.0\Include\shared\bcrypt.h
         Note: including file:       C:\Program Files (x86)\Windows Kits\8.0\Include\um\ncrypt.h
         Note: including file:        C:\Program Files (x86)\Windows Kits\8.0\Include\shared\bcrypt.h
         Note: including file:       C:\Program Files (x86)\Windows Kits\8.0\Include\um\dpapi.h
         Note: including file:     C:\Program Files (x86)\Windows Kits\8.0\Include\shared\ipifcons.h
         Note: including file:     C:\Program Files (x86)\Windows Kits\8.0\Include\shared\ipmib.h
         Note: including file:      C:\Program Files (x86)\Windows Kits\8.0\Include\shared\ifmib.h
         Note: including file:       C:\Program Files (x86)\Windows Kits\8.0\Include\shared\ifdef.h
         Note: including file:      C:\Program Files (x86)\Windows Kits\8.0\Include\shared\nldef.h
         Note: including file:     C:\Program Files (x86)\Windows Kits\8.0\Include\shared\tcpmib.h
         Note: including file:     C:\Program Files (x86)\Windows Kits\8.0\Include\shared\udpmib.h
         Note: including file:    C:\Program Files (x86)\Windows Kits\8.0\Include\um\ipexport.h
         Note: including file:     C:\Program Files (x86)\Windows Kits\8.0\Include\shared\packon.h
         Note: including file:     C:\Program Files (x86)\Windows Kits\8.0\Include\shared\packoff.h
         Note: including file:    C:\Program Files (x86)\Windows Kits\8.0\Include\um\iptypes.h
         Note: including file:    C:\Program Files (x86)\Windows Kits\8.0\Include\shared\tcpestats.h
         Note: including file:    C:\Program Files (x86)\Windows Kits\8.0\Include\shared\netioapi.h
         Note: including file:     C:\Program Files (x86)\Windows Kits\8.0\Include\shared\ntddndis.h
         Note: including file:      C:\Program Files (x86)\Windows Kits\8.0\Include\shared\devpkey.h
         Note: including file:       C:\Program Files (x86)\Windows Kits\8.0\Include\shared\devpropdef.h
         Note: including file:      C:\Program Files (x86)\Windows Kits\8.0\Include\shared\pciprop.h
         Note: including file:      C:\Program Files (x86)\Windows Kits\8.0\Include\shared\windot11.h
         Note: including file:       C:\Program Files (x86)\Windows Kits\8.0\Include\shared\WlanTypes.h
         Note: including file:   C:\Program Files (x86)\Windows Kits\8.0\Include\um\dwmapi.h
         Note: including file:    C:\Program Files (x86)\Windows Kits\8.0\Include\um\uxtheme.h
         Note: including file:     C:\Program Files (x86)\Windows Kits\8.0\Include\shared\pshpack8.h
         Note: including file:     C:\Program Files (x86)\Windows Kits\8.0\Include\shared\poppack.h
         Note: including file:     C:\Program Files (x86)\Windows Kits\8.0\Include\shared\pshpack8.h
         Note: including file:     C:\Program Files (x86)\Windows Kits\8.0\Include\shared\poppack.h
         Note: including file:    C:\Program Files (x86)\Windows Kits\8.0\Include\shared\pshpack1.h
         Note: including file:    C:\Program Files (x86)\Windows Kits\8.0\Include\shared\poppack.h
         Note: including file:   C:\Program Files (x86)\Windows Kits\8.0\Include\um\htmlhelp.h
         Note: including file:   C:\Program Files (x86)\Windows Kits\8.0\Include\um\UIAnimation.h
         Note: including file:    c:\program files (x86)\windows kits\8.0\include\um\dcompanimation.h
         Note: including file:   c:\program files (x86)\microsoft visual studio 11.0\vc\atlmfc\include\afxanimationcontroller.h
         Note: including file:    c:\program files (x86)\microsoft visual studio 11.0\vc\atlmfc\include\afxanimationhelper.h
         Note: including file:    c:\program files (x86)\microsoft visual studio 11.0\vc\atlmfc\include\afxtempl.h
         Note: including file:     C:\Program Files (x86)\Microsoft Visual Studio 11.0\VC\atlmfc\include\afxplex_.h
         Note: including file:   C:\Program Files (x86)\Microsoft Visual Studio 11.0\VC\atlmfc\include\afxmsg_.h
         Note: including file:   C:\Program Files (x86)\Microsoft Visual Studio 11.0\VC\atlmfc\include\afxdd_.h
         Note: including file:   c:\program files (x86)\microsoft visual studio 11.0\vc\atlmfc\include\afxrendertarget.h
         Note: including file:    C:\Program Files (x86)\Windows Kits\8.0\Include\um\d2d1.h
         Note: including file:     C:\Program Files (x86)\Windows Kits\8.0\Include\um\dcommon.h
         Note: including file:      C:\Program Files (x86)\Windows Kits\8.0\Include\um\dxgiformat.h
         Note: including file:     C:\Program Files (x86)\Windows Kits\8.0\Include\um\D2DErr.h
         Note: including file:     C:\Program Files (x86)\Windows Kits\8.0\Include\um\D2DBaseTypes.h
         Note: including file:     C:\Program Files (x86)\Windows Kits\8.0\Include\um\dxgiformat.h
         Note: including file:     C:\Program Files (x86)\Windows Kits\8.0\Include\um\d3d10_1.h
         Note: including file:      c:\program files (x86)\windows kits\8.0\include\um\d3d10.h
         Note: including file:       c:\program files (x86)\windows kits\8.0\include\um\dxgi.h
         Note: including file:        C:\Program Files (x86)\Windows Kits\8.0\Include\shared\dxgitype.h
         Note: including file:         c:\program files (x86)\windows kits\8.0\include\um\dxgiformat.h
         Note: including file:       c:\program files (x86)\windows kits\8.0\include\um\d3dcommon.h
         Note: including file:       c:\program files (x86)\windows kits\8.0\include\um\d3d10sdklayers.h
         Note: including file:       c:\program files (x86)\windows kits\8.0\include\um\d3d10misc.h
         Note: including file:       c:\program files (x86)\windows kits\8.0\include\um\d3d10shader.h
         Note: including file:       c:\program files (x86)\windows kits\8.0\include\um\d3d10effect.h
         Note: including file:      c:\program files (x86)\windows kits\8.0\include\um\d3d10_1shader.h
         Note: including file:       c:\program files (x86)\windows kits\8.0\include\um\d3d10shader.h
         Note: including file:     C:\Program Files (x86)\Windows Kits\8.0\Include\um\d2d1helper.h
         Note: including file:    C:\Program Files (x86)\Windows Kits\8.0\Include\um\dwrite.h
         Note: including file:    C:\Program Files (x86)\Windows Kits\8.0\Include\um\wincodec.h
         Note: including file:     C:\Program Files (x86)\Windows Kits\8.0\Include\shared\intsafe.h
         Note: including file:   C:\Program Files (x86)\Microsoft Visual Studio 11.0\VC\atlmfc\include\afxdll_.h
         Note: including file:   C:\Program Files (x86)\Microsoft Visual Studio 11.0\VC\atlmfc\include\afxwin4.inl
         Note: including file:  C:\Program Files (x86)\Microsoft Visual Studio 11.0\VC\atlmfc\include\afxext.h
         Note: including file:   C:\Program Files (x86)\Microsoft Visual Studio 11.0\VC\atlmfc\include\afxdlgs.h
         Note: including file:    C:\Program Files (x86)\Windows Kits\8.0\Include\um\richedit.h
         Note: including file:     C:\Program Files (x86)\Windows Kits\8.0\Include\shared\pshpack4.h
         Note: including file:     C:\Program Files (x86)\Windows Kits\8.0\Include\shared\poppack.h
         Note: including file:   C:\Program Files (x86)\Windows Kits\8.0\Include\um\uxtheme.h
         Note: including file:  C:\Program Files (x86)\Microsoft Visual Studio 11.0\VC\atlmfc\include\afxdisp.h
         Note: including file:   C:\Program Files (x86)\Windows Kits\8.0\Include\um\shlobj.h
         Note: including file:    C:\Program Files (x86)\Windows Kits\8.0\Include\um\shlguid.h
         Note: including file:     C:\Program Files (x86)\Windows Kits\8.0\Include\um\isguids.h
         Note: including file:     C:\Program Files (x86)\Windows Kits\8.0\Include\um\exdisp.h
         Note: including file:     C:\Program Files (x86)\Windows Kits\8.0\Include\um\shldisp.h
         Note: including file:     C:\Program Files (x86)\Windows Kits\8.0\Include\um\knownfolders.h
         Note: including file:    C:\Program Files (x86)\Windows Kits\8.0\Include\shared\pshpack1.h
         Note: including file:    C:\Program Files (x86)\Windows Kits\8.0\Include\shared\pshpack8.h
         Note: including file:    C:\Program Files (x86)\Windows Kits\8.0\Include\shared\poppack.h
         Note: including file:    C:\Program Files (x86)\Windows Kits\8.0\Include\shared\pshpack8.h
         Note: including file:    C:\Program Files (x86)\Windows Kits\8.0\Include\shared\poppack.h
         Note: including file:    C:\Program Files (x86)\Windows Kits\8.0\Include\shared\pshpack8.h
         Note: including file:    C:\Program Files (x86)\Windows Kits\8.0\Include\shared\poppack.h
         Note: including file:    C:\Program Files (x86)\Windows Kits\8.0\Include\shared\pshpack1.h
         Note: including file:    C:\Program Files (x86)\Windows Kits\8.0\Include\shared\poppack.h
         Note: including file:    C:\Program Files (x86)\Windows Kits\8.0\Include\shared\pshpack8.h
         Note: including file:    C:\Program Files (x86)\Windows Kits\8.0\Include\shared\poppack.h
         Note: including file:    C:\Program Files (x86)\Windows Kits\8.0\Include\shared\pshpack8.h
         Note: including file:    C:\Program Files (x86)\Windows Kits\8.0\Include\shared\poppack.h
         Note: including file:    C:\Program Files (x86)\Windows Kits\8.0\Include\shared\pshpack8.h
         Note: including file:    C:\Program Files (x86)\Windows Kits\8.0\Include\shared\poppack.h
         Note: including file:    C:\Program Files (x86)\Windows Kits\8.0\Include\shared\pshpack8.h
         Note: including file:    C:\Program Files (x86)\Windows Kits\8.0\Include\shared\poppack.h
         Note: including file:    C:\Program Files (x86)\Windows Kits\8.0\Include\shared\pshpack8.h
         Note: including file:    C:\Program Files (x86)\Windows Kits\8.0\Include\shared\poppack.h
         Note: including file:    C:\Program Files (x86)\Windows Kits\8.0\Include\shared\pshpack8.h
         Note: including file:    C:\Program Files (x86)\Windows Kits\8.0\Include\shared\poppack.h
         Note: including file:    C:\Program Files (x86)\Windows Kits\8.0\Include\shared\pshpack8.h
         Note: including file:    C:\Program Files (x86)\Windows Kits\8.0\Include\shared\poppack.h
         Note: including file:    C:\Program Files (x86)\Windows Kits\8.0\Include\shared\poppack.h
         Note: including file:   C:\Program Files (x86)\Microsoft Visual Studio 11.0\VC\atlmfc\include\atlcomtime.h
         Note: including file:   C:\Program Files (x86)\Microsoft Visual Studio 11.0\VC\atlmfc\include\afxocc.h
         Note: including file:    C:\Program Files (x86)\Microsoft Visual Studio 11.0\VC\atlmfc\include\afxtempl.h
         Note: including file:    c:\program files (x86)\microsoft visual studio 11.0\vc\atlmfc\include\olebind.h
         Note: including file:    c:\program files (x86)\microsoft visual studio 11.0\vc\atlmfc\include\ocdbid.h
         Note: including file:    c:\program files (x86)\microsoft visual studio 11.0\vc\atlmfc\include\ocdb.h
         Note: including file:  C:\Program Files (x86)\Microsoft Visual Studio 11.0\VC\atlmfc\include\afxdtctl.h
         Note: including file:  C:\Program Files (x86)\Microsoft Visual Studio 11.0\VC\atlmfc\include\afxcmn.h
         Note: including file:   C:\Program Files (x86)\Windows Kits\8.0\Include\um\uxtheme.h
         Note: including file:   C:\Program Files (x86)\Microsoft Visual Studio 11.0\VC\atlmfc\include\afxcmn3.inl
         Note: including file:  C:\Program Files (x86)\Microsoft Visual Studio 11.0\VC\atlmfc\include\afxcontrolbars.h
         Note: including file:   c:\program files (x86)\microsoft visual studio 11.0\vc\atlmfc\include\afxcontrolbarutil.h
         Note: including file:    c:\program files (x86)\microsoft visual studio 11.0\vc\atlmfc\include\afxusertoolsmanager.h
         Note: including file:     c:\program files (x86)\microsoft visual studio 11.0\vc\atlmfc\include\afxusertool.h
         Note: including file:   c:\program files (x86)\microsoft visual studio 11.0\vc\atlmfc\include\afxtoolbar.h
         Note: including file:    c:\program files (x86)\microsoft visual studio 11.0\vc\atlmfc\include\afxtoolbardroptarget.h
         Note: including file:     C:\Program Files (x86)\Microsoft Visual Studio 11.0\VC\atlmfc\include\afxole.h
         Note: including file:      C:\Program Files (x86)\Microsoft Visual Studio 11.0\VC\atlmfc\include\afxcom_.h
         Note: including file:    c:\program files (x86)\microsoft visual studio 11.0\vc\atlmfc\include\afxtoolbardropsource.h
         Note: including file:    c:\program files (x86)\microsoft visual studio 11.0\vc\atlmfc\include\afxtoolbarimages.h
         Note: including file:     C:\Program Files (x86)\Microsoft Visual Studio 11.0\VC\atlmfc\include\afxmt.h
         Note: including file:     c:\program files (x86)\microsoft visual studio 11.0\vc\atlmfc\include\atlimage.h
         Note: including file:      C:\Program Files (x86)\Windows Kits\8.0\Include\um\gdiplus.h
         Note: including file:       C:\Program Files (x86)\Windows Kits\8.0\Include\shared\pshpack8.h
         Note: including file:       c:\program files (x86)\windows kits\8.0\include\um\GdiplusMem.h
         Note: including file:       c:\program files (x86)\windows kits\8.0\include\um\GdiplusBase.h
         Note: including file:       c:\program files (x86)\windows kits\8.0\include\um\GdiplusEnums.h
         Note: including file:       c:\program files (x86)\windows kits\8.0\include\um\GdiplusTypes.h
         Note: including file:       c:\program files (x86)\windows kits\8.0\include\um\GdiplusInit.h
         Note: including file:       c:\program files (x86)\windows kits\8.0\include\um\GdiplusPixelFormats.h
         Note: including file:       c:\program files (x86)\windows kits\8.0\include\um\GdiplusColor.h
         Note: including file:       c:\program files (x86)\windows kits\8.0\include\um\GdiplusMetaHeader.h
         Note: including file:        C:\Program Files (x86)\Windows Kits\8.0\Include\shared\pshpack2.h
         Note: including file:        C:\Program Files (x86)\Windows Kits\8.0\Include\shared\poppack.h
         Note: including file:       c:\program files (x86)\windows kits\8.0\include\um\GdiplusImaging.h
         Note: including file:       c:\program files (x86)\windows kits\8.0\include\um\GdiplusColorMatrix.h
         Note: including file:       c:\program files (x86)\windows kits\8.0\include\um\GdiplusGpStubs.h
         Note: including file:       c:\program files (x86)\windows kits\8.0\include\um\GdiplusHeaders.h
         Note: including file:       c:\program files (x86)\windows kits\8.0\include\um\GdiplusFlat.h
         Note: including file:       c:\program files (x86)\windows kits\8.0\include\um\GdiplusImageAttributes.h
         Note: including file:       c:\program files (x86)\windows kits\8.0\include\um\GdiplusMatrix.h
         Note: including file:       c:\program files (x86)\windows kits\8.0\include\um\GdiplusBrush.h
         Note: including file:       c:\program files (x86)\windows kits\8.0\include\um\GdiplusPen.h
         Note: including file:       c:\program files (x86)\windows kits\8.0\include\um\GdiplusStringFormat.h
         Note: including file:       c:\program files (x86)\windows kits\8.0\include\um\GdiplusPath.h
         Note: including file:       c:\program files (x86)\windows kits\8.0\include\um\GdiplusLineCaps.h
         Note: including file:       c:\program files (x86)\windows kits\8.0\include\um\GdiplusGraphics.h
         Note: including file:       c:\program files (x86)\windows kits\8.0\include\um\GdiplusMetafile.h
         Note: including file:       c:\program files (x86)\windows kits\8.0\include\um\GdiplusCachedBitmap.h
         Note: including file:       c:\program files (x86)\windows kits\8.0\include\um\GdiplusRegion.h
         Note: including file:       c:\program files (x86)\windows kits\8.0\include\um\GdiplusFontCollection.h
         Note: including file:       c:\program files (x86)\windows kits\8.0\include\um\GdiplusFontFamily.h
         Note: including file:       c:\program files (x86)\windows kits\8.0\include\um\GdiplusFont.h
         Note: including file:       c:\program files (x86)\windows kits\8.0\include\um\GdiplusBitmap.h
         Note: including file:       c:\program files (x86)\windows kits\8.0\include\um\GdiplusImageCodec.h
         Note: including file:       C:\Program Files (x86)\Windows Kits\8.0\Include\shared\poppack.h
         Note: including file:      C:\Program Files (x86)\Windows Kits\8.0\Include\um\shlwapi.h
         Note: including file:    c:\program files (x86)\microsoft visual studio 11.0\vc\atlmfc\include\afxtoolbarbutton.h
         Note: including file:    c:\program files (x86)\microsoft visual studio 11.0\vc\atlmfc\include\afxcontrolbarimpl.h
         Note: including file:    c:\program files (x86)\microsoft visual studio 11.0\vc\atlmfc\include\afxcmdusagecount.h
         Note: including file:    c:\program files (x86)\microsoft visual studio 11.0\vc\atlmfc\include\afxcommandmanager.h
         Note: including file:    c:\program files (x86)\microsoft visual studio 11.0\vc\atlmfc\include\afxvisualmanager.h
         Note: including file:    c:\program files (x86)\microsoft visual studio 11.0\vc\atlmfc\include\afxglobals.h
         Note: including file:     c:\program files (x86)\microsoft visual studio 11.0\vc\atlmfc\include\afxwin.h
         Note: including file:     c:\program files (x86)\microsoft visual studio 11.0\vc\atlmfc\include\afxaccessibility.h
         Note: including file:    c:\program files (x86)\microsoft visual studio 11.0\vc\atlmfc\include\afxbasetoolbar.h
         Note: including file:     c:\program files (x86)\microsoft visual studio 11.0\vc\atlmfc\include\afxpane.h
         Note: including file:      c:\program files (x86)\microsoft visual studio 11.0\vc\atlmfc\include\afxbasepane.h
         Note: including file:      c:\program files (x86)\microsoft visual studio 11.0\vc\atlmfc\include\afxrecentdocksiteinfo.h
         Note: including file:      c:\program files (x86)\microsoft visual studio 11.0\vc\atlmfc\include\afxdragframeimpl.h
         Note: including file:   c:\program files (x86)\microsoft visual studio 11.0\vc\atlmfc\include\afxstatusbar.h
         Note: including file:   c:\program files (x86)\microsoft visual studio 11.0\vc\atlmfc\include\afxmenubar.h
         Note: including file:   c:\program files (x86)\microsoft visual studio 11.0\vc\atlmfc\include\afxpanedialog.h
         Note: including file:    c:\program files (x86)\microsoft visual studio 11.0\vc\atlmfc\include\afxdockablepane.h
         Note: including file:     c:\program files (x86)\microsoft visual studio 11.0\vc\atlmfc\include\afxmenuimages.h
         Note: including file:     c:\program files (x86)\microsoft visual studio 11.0\vc\atlmfc\include\afxpanecontainer.h
         Note: including file:     c:\program files (x86)\microsoft visual studio 11.0\vc\atlmfc\include\afxcaptionbutton.h
         Note: including file:     c:\program files (x86)\microsoft visual studio 11.0\vc\atlmfc\include\afxmultipaneframewnd.h
         Note: including file:      c:\program files (x86)\microsoft visual studio 11.0\vc\atlmfc\include\afxpaneframewnd.h
         Note: including file:      c:\program files (x86)\microsoft visual studio 11.0\vc\atlmfc\include\afxpanecontainermanager.h
         Note: including file:       c:\program files (x86)\microsoft visual studio 11.0\vc\atlmfc\include\afxpanedivider.h
         Note: including file:   c:\program files (x86)\microsoft visual studio 11.0\vc\atlmfc\include\afxoutlookbar.h
         Note: including file:    c:\program files (x86)\microsoft visual studio 11.0\vc\atlmfc\include\afxbasetabbedpane.h
         Note: including file:     c:\program files (x86)\microsoft visual studio 11.0\vc\atlmfc\include\afxbasetabctrl.h
         Note: including file:   c:\program files (x86)\microsoft visual studio 11.0\vc\atlmfc\include\afxoutlookbartabctrl.h
         Note: including file:    c:\program files (x86)\microsoft visual studio 11.0\vc\atlmfc\include\afxribbonres.h
         Note: including file:    c:\program files (x86)\microsoft visual studio 11.0\vc\atlmfc\include\afxbutton.h
         Note: including file:    c:\program files (x86)\microsoft visual studio 11.0\vc\atlmfc\include\afxtoolbarslistcheckbox.h
         Note: including file:   c:\program files (x86)\microsoft visual studio 11.0\vc\atlmfc\include\afxcolorbar.h
         Note: including file:    c:\program files (x86)\microsoft visual studio 11.0\vc\atlmfc\include\afxpopupmenubar.h
         Note: including file:   c:\program files (x86)\microsoft visual studio 11.0\vc\atlmfc\include\afxcaptionbar.h
         Note: including file:   c:\program files (x86)\microsoft visual studio 11.0\vc\atlmfc\include\afxoutlookbarpane.h
         Note: including file:   c:\program files (x86)\microsoft visual studio 11.0\vc\atlmfc\include\afxtabbedpane.h
         Note: including file:    c:\program files (x86)\microsoft visual studio 11.0\vc\atlmfc\include\afxtabctrl.h
         Note: including file:   c:\program files (x86)\microsoft visual studio 11.0\vc\atlmfc\include\afxtaskspane.h
         Note: including file:    c:\program files (x86)\microsoft visual studio 11.0\vc\atlmfc\include\afxcaptionmenubutton.h
         Note: including file:    c:\program files (x86)\microsoft visual studio 11.0\vc\atlmfc\include\afxtaskspaneframewnd.h
         Note: including file:   c:\program files (x86)\microsoft visual studio 11.0\vc\atlmfc\include\afxribbonbar.h
         Note: including file:    c:\program files (x86)\microsoft visual studio 11.0\vc\atlmfc\include\afxribbonbutton.h
         Note: including file:     c:\program files (x86)\microsoft visual studio 11.0\vc\atlmfc\include\afxbaseribbonelement.h
         Note: including file:    c:\program files (x86)\microsoft visual studio 11.0\vc\atlmfc\include\afxribbonquickaccesstoolbar.h
         Note: including file:     c:\program files (x86)\microsoft visual studio 11.0\vc\atlmfc\include\afxribbonbuttonsgroup.h
         Note: including file:   c:\program files (x86)\microsoft visual studio 11.0\vc\atlmfc\include\afxribboncustomizedialog.h
         Note: including file:    c:\program files (x86)\microsoft visual studio 11.0\vc\atlmfc\include\afxpropertysheet.h
         Note: including file:     c:\program files (x86)\microsoft visual studio 11.0\vc\atlmfc\include\afxdialogimpl.h
         Note: including file:    c:\program files (x86)\microsoft visual studio 11.0\vc\atlmfc\include\afxpropertypage.h
         Note: including file:    c:\program files (x86)\microsoft visual studio 11.0\vc\atlmfc\include\afxribboncommandslistbox.h
         Note: including file:    c:\program files (x86)\microsoft visual studio 11.0\vc\atlmfc\include\afxribbonres.h
         Note: including file:   c:\program files (x86)\microsoft visual studio 11.0\vc\atlmfc\include\afxribbonkeyboardcustomizedialog.h
         Note: including file:    c:\program files (x86)\microsoft visual studio 11.0\vc\atlmfc\include\afxdialogex.h
         Note: including file:    c:\program files (x86)\microsoft visual studio 11.0\vc\atlmfc\include\afxribbonres.h
         Note: including file:    c:\program files (x86)\microsoft visual studio 11.0\vc\atlmfc\include\afxacceleratorkeyassignctrl.h
         Note: including file:     c:\program files (x86)\microsoft visual studio 11.0\vc\atlmfc\include\afxacceleratorkey.h
         Note: including file:   c:\program files (x86)\microsoft visual studio 11.0\vc\atlmfc\include\afxribbonpanel.h
         Note: including file:   c:\program files (x86)\microsoft visual studio 11.0\vc\atlmfc\include\afxribbonmainpanel.h
         Note: including file:   c:\program files (x86)\microsoft visual studio 11.0\vc\atlmfc\include\afxribbonpanelmenu.h
         Note: including file:    c:\program files (x86)\microsoft visual studio 11.0\vc\atlmfc\include\afxpopupmenu.h
         Note: including file:   c:\program files (x86)\microsoft visual studio 11.0\vc\atlmfc\include\afxribbonminitoolbar.h
         Note: including file:   c:\program files (x86)\microsoft visual studio 11.0\vc\atlmfc\include\afxribboncategory.h
         Note: including file:   c:\program files (x86)\microsoft visual studio 11.0\vc\atlmfc\include\afxribbonlabel.h
         Note: including file:   c:\program files (x86)\microsoft visual studio 11.0\vc\atlmfc\include\afxribboncolorbutton.h
         Note: including file:    c:\program files (x86)\microsoft visual studio 11.0\vc\atlmfc\include\afxribbonpalettegallery.h
         Note: including file:     c:\program files (x86)\microsoft visual studio 11.0\vc\atlmfc\include\afxtoolbarmenubutton.h
         Note: including file:   c:\program files (x86)\microsoft visual studio 11.0\vc\atlmfc\include\afxribbonedit.h
         Note: including file:   c:\program files (x86)\microsoft visual studio 11.0\vc\atlmfc\include\afxribboncombobox.h
         Note: including file:    c:\program files (x86)\microsoft visual studio 11.0\vc\atlmfc\include\afxtoolbarfontcombobox.h
         Note: including file:     c:\program files (x86)\microsoft visual studio 11.0\vc\atlmfc\include\afxtoolbarcomboboxbutton.h
         Note: including file:   c:\program files (x86)\microsoft visual studio 11.0\vc\atlmfc\include\afxribboncheckbox.h
         Note: including file:   c:\program files (x86)\microsoft visual studio 11.0\vc\atlmfc\include\afxribbonstatusbar.h
         Note: including file:   c:\program files (x86)\microsoft visual studio 11.0\vc\atlmfc\include\afxribbonstatusbarpane.h
         Note: including file:   c:\program files (x86)\microsoft visual studio 11.0\vc\atlmfc\include\afxribbonslider.h
         Note: including file:   c:\program files (x86)\microsoft visual studio 11.0\vc\atlmfc\include\afxribbonprogressbar.h
         Note: including file:   c:\program files (x86)\microsoft visual studio 11.0\vc\atlmfc\include\afxribbonlinkctrl.h
         Note: including file:   c:\program files (x86)\microsoft visual studio 11.0\vc\atlmfc\include\afxribbonundobutton.h
         Note: including file:   c:\program files (x86)\microsoft visual studio 11.0\vc\atlmfc\include\afxtoolbareditboxbutton.h
         Note: including file:    c:\program files (x86)\microsoft visual studio 11.0\vc\atlmfc\include\afxeditbrowsectrl.h
         Note: including file:   c:\program files (x86)\microsoft visual studio 11.0\vc\atlmfc\include\afxtoolbarspineditboxbutton.h
         Note: including file:    c:\program files (x86)\microsoft visual studio 11.0\vc\atlmfc\include\afxspinbuttonctrl.h
         Note: including file:   c:\program files (x86)\microsoft visual studio 11.0\vc\atlmfc\include\afxtoolbarsystemmenubutton.h
         Note: including file:   c:\program files (x86)\microsoft visual studio 11.0\vc\atlmfc\include\afxtoolbardatetimectrl.h
         Note: including file:   c:\program files (x86)\microsoft visual studio 11.0\vc\atlmfc\include\afxdropdowntoolbar.h
         Note: including file:   c:\program files (x86)\microsoft visual studio 11.0\vc\atlmfc\include\afxcolormenubutton.h
         Note: including file:   c:\program files (x86)\microsoft visual studio 11.0\vc\atlmfc\include\afxoutlookbarpanebutton.h
         Note: including file:   c:\program files (x86)\microsoft visual studio 11.0\vc\atlmfc\include\afxdropdownlistbox.h
         Note: including file:   c:\program files (x86)\microsoft visual studio 11.0\vc\atlmfc\include\afxautohidebutton.h
         Note: including file:    c:\program files (x86)\microsoft visual studio 11.0\vc\atlmfc\include\afxautohidebar.h
         Note: including file:   c:\program files (x86)\microsoft visual studio 11.0\vc\atlmfc\include\afxframewndex.h
         Note: including file:    c:\program files (x86)\microsoft visual studio 11.0\vc\atlmfc\include\afxframeimpl.h
         Note: including file:     c:\program files (x86)\microsoft visual studio 11.0\vc\atlmfc\include\afxdockingmanager.h
         Note: including file:      c:\program files (x86)\microsoft visual studio 11.0\vc\atlmfc\include\afxsmartdockingmanager.h
         Note: including file:       c:\program files (x86)\microsoft visual studio 11.0\vc\atlmfc\include\afxsmartdockingguide.h
         Note: including file:       c:\program files (x86)\microsoft visual studio 11.0\vc\atlmfc\include\afxsmartdockinghighlighterwnd.h
         Note: including file:     c:\program files (x86)\microsoft visual studio 11.0\vc\atlmfc\include\afxfullscreenimpl.h
         Note: including file:   c:\program files (x86)\microsoft visual studio 11.0\vc\atlmfc\include\afxmdiframewndex.h
         Note: including file:    c:\program files (x86)\microsoft visual studio 11.0\vc\atlmfc\include\afxmdiclientareawnd.h
         Note: including file:   c:\program files (x86)\microsoft visual studio 11.0\vc\atlmfc\include\afxmdichildwndex.h
         Note: including file:   c:\program files (x86)\microsoft visual studio 11.0\vc\atlmfc\include\afxoleipframewndex.h
         Note: including file:   c:\program files (x86)\microsoft visual studio 11.0\vc\atlmfc\include\afxoledocipframewndex.h
         Note: including file:    C:\Program Files (x86)\Microsoft Visual Studio 11.0\VC\atlmfc\include\afxdocob.h
         Note: including file:   c:\program files (x86)\microsoft visual studio 11.0\vc\atlmfc\include\afxolecntrframewndex.h
         Note: including file:    c:\program files (x86)\microsoft visual studio 11.0\vc\atlmfc\include\afxpriv.h
         Note: including file:     C:\Program Files (x86)\Microsoft Visual Studio 11.0\VC\atlmfc\include\afxadv.h
         Note: including file:     C:\Program Files (x86)\Microsoft Visual Studio 11.0\VC\atlmfc\include\afxconv.h
         Note: including file:     C:\Program Files (x86)\Microsoft Visual Studio 11.0\VC\atlmfc\include\afxpriv2.h
         Note: including file:   c:\program files (x86)\microsoft visual studio 11.0\vc\atlmfc\include\afxtoolbarscustomizedialog.h
         Note: including file:    c:\program files (x86)\microsoft visual studio 11.0\vc\atlmfc\include\afxtoolbarslistpropertypage.h
         Note: including file:     c:\program files (x86)\microsoft visual studio 11.0\vc\atlmfc\include\afxtoolbarbuttonslistbutton.h
         Note: including file:     c:\program files (x86)\microsoft visual studio 11.0\vc\atlmfc\include\afxtoolbarscommandslistbox.h
         Note: including file:     c:\program files (x86)\microsoft visual studio 11.0\vc\atlmfc\include\afxribbonres.h
         Note: including file:    c:\program files (x86)\microsoft visual studio 11.0\vc\atlmfc\include\afxtoolbarstoolspropertypage.h
         Note: including file:     c:\program files (x86)\microsoft visual studio 11.0\vc\atlmfc\include\afxvslistbox.h
         Note: including file:     c:\program files (x86)\microsoft visual studio 11.0\vc\atlmfc\include\afxmenubutton.h
         Note: including file:    c:\program files (x86)\microsoft visual studio 11.0\vc\atlmfc\include\afxtoolbarsmenupropertypage.h
         Note: including file:     c:\program files (x86)\microsoft visual studio 11.0\vc\atlmfc\include\afxribbonres.h
         Note: including file:    c:\program files (x86)\microsoft visual studio 11.0\vc\atlmfc\include\afxmousepropertypage.h
         Note: including file:     c:\program files (x86)\microsoft visual studio 11.0\vc\atlmfc\include\afxribbonres.h
         Note: including file:    c:\program files (x86)\microsoft visual studio 11.0\vc\atlmfc\include\afxtoolbarskeyboardpropertypage.h
         Note: including file:     c:\program files (x86)\microsoft visual studio 11.0\vc\atlmfc\include\afxribbonres.h
         Note: including file:    c:\program files (x86)\microsoft visual studio 11.0\vc\atlmfc\include\afxtoolbarsoptionspropertypage.h
         Note: including file:   c:\program files (x86)\microsoft visual studio 11.0\vc\atlmfc\include\afxcustomizemenubutton.h
         Note: including file:   c:\program files (x86)\microsoft visual studio 11.0\vc\atlmfc\include\afxcontextmenumanager.h
         Note: including file:   c:\program files (x86)\microsoft visual studio 11.0\vc\atlmfc\include\afxkeyboardmanager.h
         Note: including file:   c:\program files (x86)\microsoft visual studio 11.0\vc\atlmfc\include\afxmousemanager.h
         Note: including file:   c:\program files (x86)\microsoft visual studio 11.0\vc\atlmfc\include\afxwinappex.h
         Note: including file:   c:\program files (x86)\microsoft visual studio 11.0\vc\atlmfc\include\afxsettingsstore.h
         Note: including file:    C:\Program Files (x86)\Windows Kits\8.0\Include\um\winreg.h
         Note: including file:   c:\program files (x86)\microsoft visual studio 11.0\vc\atlmfc\include\afxrebarstate.h
         Note: including file:   c:\program files (x86)\microsoft visual studio 11.0\vc\atlmfc\include\afxmenutearoffmanager.h
         Note: including file:   c:\program files (x86)\microsoft visual studio 11.0\vc\atlmfc\include\afxdrawmanager.h
         Note: including file:   c:\program files (x86)\microsoft visual studio 11.0\vc\atlmfc\include\afxdockingpanesrow.h
         Note: including file:   c:\program files (x86)\microsoft visual studio 11.0\vc\atlmfc\include\afxtooltipmanager.h
         Note: including file:    c:\program files (x86)\microsoft visual studio 11.0\vc\atlmfc\include\afxtooltipctrl.h
         Note: including file:   c:\program files (x86)\microsoft visual studio 11.0\vc\atlmfc\include\afxcontrolrenderer.h
         Note: including file:   c:\program files (x86)\microsoft visual studio 11.0\vc\atlmfc\include\afxdockablepaneadapter.h
         Note: including file:   c:\program files (x86)\microsoft visual studio 11.0\vc\atlmfc\include\afxdocksite.h
         Note: including file:   c:\program files (x86)\microsoft visual studio 11.0\vc\atlmfc\include\afxcolorbutton.h
         Note: including file:   c:\program files (x86)\microsoft visual studio 11.0\vc\atlmfc\include\afxlinkctrl.h
         Note: including file:   c:\program files (x86)\microsoft visual studio 11.0\vc\atlmfc\include\afxcolorpickerctrl.h
         Note: including file:   c:\program files (x86)\microsoft visual studio 11.0\vc\atlmfc\include\afxfontcombobox.h
         Note: including file:   c:\program files (x86)\microsoft visual studio 11.0\vc\atlmfc\include\afxrebar.h
         Note: including file:   c:\program files (x86)\microsoft visual studio 11.0\vc\atlmfc\include\afxshelltreectrl.h
         Note: including file:    c:\program files (x86)\microsoft visual studio 11.0\vc\atlmfc\include\afxshellmanager.h
         Note: including file:   c:\program files (x86)\microsoft visual studio 11.0\vc\atlmfc\include\afxshelllistctrl.h
         Note: including file:    c:\program files (x86)\microsoft visual studio 11.0\vc\atlmfc\include\afxlistctrl.h
         Note: including file:     c:\program files (x86)\microsoft visual studio 11.0\vc\atlmfc\include\afxheaderctrl.h
         Note: including file:   c:\program files (x86)\microsoft visual studio 11.0\vc\atlmfc\include\afxpropertygridctrl.h
         Note: including file:    C:\Program Files (x86)\Microsoft Visual Studio 11.0\VC\include\comdef.h
         Note: including file:     C:\Program Files (x86)\Microsoft Visual Studio 11.0\VC\include\comutil.h
         Note: including file:      C:\Program Files (x86)\Microsoft Visual Studio 11.0\VC\include\assert.h
         Note: including file:       C:\Program Files (x86)\Microsoft Visual Studio 11.0\VC\include\crtdefs.h
         Note: including file:     C:\Program Files (x86)\Microsoft Visual Studio 11.0\VC\include\comip.h
         Note: including file:     c:\program files (x86)\microsoft visual studio 11.0\vc\include\comdefsp.h
         Note: including file:    c:\program files (x86)\microsoft visual studio 11.0\vc\atlmfc\include\afxcolorpopupmenu.h
         Note: including file:    c:\program files (x86)\microsoft visual studio 11.0\vc\atlmfc\include\afxpropertygridtooltipctrl.h
         Note: including file:   c:\program files (x86)\microsoft visual studio 11.0\vc\atlmfc\include\afxmaskededit.h
         Note: including file:   c:\program files (x86)\microsoft visual studio 11.0\vc\atlmfc\include\afxsplitterwndex.h
         Note: including file:   c:\program files (x86)\microsoft visual studio 11.0\vc\atlmfc\include\afxdesktopalertwnd.h
         Note: including file:    c:\program files (x86)\microsoft visual studio 11.0\vc\atlmfc\include\afxdesktopalertdialog.h
         Note: including file:   c:\program files (x86)\microsoft visual studio 11.0\vc\atlmfc\include\afxwindowsmanagerdialog.h
         Note: including file:    c:\program files (x86)\microsoft visual studio 11.0\vc\atlmfc\include\afxribbonres.h
         Note: including file:   c:\program files (x86)\microsoft visual studio 11.0\vc\atlmfc\include\afxpreviewviewex.h
         Note: including file:   c:\program files (x86)\microsoft visual studio 11.0\vc\atlmfc\include\afximageeditordialog.h
         Note: including file:    c:\program files (x86)\microsoft visual studio 11.0\vc\atlmfc\include\afximagepaintarea.h
         Note: including file:   c:\program files (x86)\microsoft visual studio 11.0\vc\atlmfc\include\afxcolordialog.h
         Note: including file:    c:\program files (x86)\microsoft visual studio 11.0\vc\atlmfc\include\afxribbonres.h
         Note: including file:    c:\program files (x86)\microsoft visual studio 11.0\vc\atlmfc\include\afxstandardcolorspropertypage.h
         Note: including file:    c:\program files (x86)\microsoft visual studio 11.0\vc\atlmfc\include\afxcustomcolorspropertypage.h
         Note: including file:   c:\program files (x86)\microsoft visual studio 11.0\vc\atlmfc\include\afxkeymapdialog.h
         Note: including file:    c:\program files (x86)\microsoft visual studio 11.0\vc\atlmfc\include\afxribbonres.h
         Note: including file:   c:\program files (x86)\microsoft visual studio 11.0\vc\atlmfc\include\afxtabview.h
         Note: including file:   c:\program files (x86)\microsoft visual studio 11.0\vc\atlmfc\include\afxvisualmanagerofficexp.h
         Note: including file:   c:\program files (x86)\microsoft visual studio 11.0\vc\atlmfc\include\afxvisualmanagerwindows.h
         Note: including file:   c:\program files (x86)\microsoft visual studio 11.0\vc\atlmfc\include\afxvisualmanageroffice2003.h
         Note: including file:   c:\program files (x86)\microsoft visual studio 11.0\vc\atlmfc\include\afxvisualmanagervs2005.h
         Note: including file:   c:\program files (x86)\microsoft visual studio 11.0\vc\atlmfc\include\afxvisualmanagervs2008.h
         Note: including file:   c:\program files (x86)\microsoft visual studio 11.0\vc\atlmfc\include\afxvisualmanageroffice2007.h
         Note: including file:   c:\program files (x86)\microsoft visual studio 11.0\vc\atlmfc\include\afxvisualmanagerwindows7.h
         Note: including file:   c:\program files (x86)\microsoft visual studio 11.0\vc\atlmfc\include\afxoleserverdocex.h
         Note: including file:   c:\program files (x86)\microsoft visual studio 11.0\vc\atlmfc\include\afxglobalutils.h
         C:\Program Files (x86)\Microsoft Visual Studio 11.0\VC\bin\x86_amd64\CL.exe /c /I"C:\Program Files\MySQL\MySQL Server 5.5\include" /Zi /nologo /W3 /WX- /sdl /Od /D WIN32 /D _WINDOWS /D _DEBUG /D _CRT_SECURE_NO_WARNINGS /D _UNICODE /D UNICODE /D _AFXDLL /Gm /EHsc /RTC1 /MDd /GS /fp:precise /Zc:wchar_t /Zc:forScope /Yu"stdafx.h" /Fp"x64\Debug\UltrasoundProject.pch" /Fo"x64\Debug\\" /Fd"x64\Debug\vc110.pdb" /Gd /TP /showIncludes /errorReport:prompt LiveConnection.cpp SelectWords.cpp UltrasoundProject.cpp UltrasoundProjectDlg.cpp
         UltrasoundProjectDlg.cpp
         Note: including file: d:\用户目录\我的文档\visual studio 2012\projects\ultrasoundproject\ultrasoundproject\UltrasoundProject.h
         Note: including file:  d:\用户目录\我的文档\visual studio 2012\projects\ultrasoundproject\ultrasoundproject\resource.h
         Note: including file: d:\用户目录\我的文档\visual studio 2012\projects\ultrasoundproject\ultrasoundproject\UltrasoundProjectDlg.h
         Note: including file: d:\用户目录\我的文档\visual studio 2012\projects\ultrasoundproject\ultrasoundproject\SelectWords.h
         Note: including file:  C:\Program Files (x86)\Microsoft Visual Studio 11.0\VC\atlmfc\include\afxwin.h
         Note: including file: d:\用户目录\我的文档\visual studio 2012\projects\ultrasoundproject\ultrasoundproject\LiveConnection.h
         Note: including file: C:\Program Files (x86)\Windows Kits\8.0\Include\um\winsock.h
         Note: including file: C:\Program Files\MySQL\MySQL Server 5.5\include\mysql.h
         Note: including file:  C:\Program Files (x86)\Microsoft Visual Studio 11.0\VC\include\sys/types.h
         Note: including file:  c:\program files\mysql\mysql server 5.5\include\mysql_version.h
         Note: including file:  c:\program files\mysql\mysql server 5.5\include\mysql_com.h
         Note: including file:  c:\program files\mysql\mysql server 5.5\include\mysql_time.h
         Note: including file:  c:\program files\mysql\mysql server 5.5\include\my_list.h
         Note: including file:  c:\program files\mysql\mysql server 5.5\include\typelib.h
         Note: including file:   c:\program files\mysql\mysql server 5.5\include\my_alloc.h
         Note: including file:  c:\program files\mysql\mysql server 5.5\include\my_alloc.h
         UltrasoundProject.cpp
         Note: including file: d:\用户目录\我的文档\visual studio 2012\projects\ultrasoundproject\ultrasoundproject\UltrasoundProject.h
         Note: including file:  d:\用户目录\我的文档\visual studio 2012\projects\ultrasoundproject\ultrasoundproject\resource.h
         Note: including file: d:\用户目录\我的文档\visual studio 2012\projects\ultrasoundproject\ultrasoundproject\UltrasoundProjectDlg.h
         SelectWords.cpp
         Note: including file: d:\用户目录\我的文档\visual studio 2012\projects\ultrasoundproject\ultrasoundproject\UltrasoundProject.h
         Note: including file:  d:\用户目录\我的文档\visual studio 2012\projects\ultrasoundproject\ultrasoundproject\resource.h
         Note: including file: d:\用户目录\我的文档\visual studio 2012\projects\ultrasoundproject\ultrasoundproject\SelectWords.h
         Note: including file:  C:\Program Files (x86)\Microsoft Visual Studio 11.0\VC\atlmfc\include\afxwin.h
         LiveConnection.cpp
         Note: including file: d:\用户目录\我的文档\visual studio 2012\projects\ultrasoundproject\ultrasoundproject\LiveConnection.h
     1>LiveConnection.cpp(4): fatal error C1083: Cannot open include file: 'opencv2/objdetect/objdetect.hpp': No such file or directory
         Generating Code...
     1>Done Building Project "D:\用户目录\我的文档\Visual Studio 2012\Projects\UltrasoundProject\UltrasoundProject\UltrasoundProject.vcxproj" (Build target(s)) -- FAILED.

Build FAILED.

Time Elapsed 00:00:23.60
