Build started 4/3/2018 10:31:37 AM.
     1>Project "D:\用户目录\我的文档\Visual Studio 2012\Projects\UltrasoundProject\UltrasoundProject\UltrasoundProject.vcxproj" on node 2 (Build target(s)).
     1>ClCompile:
         C:\Program Files (x86)\Microsoft Visual Studio 11.0\VC\bin\CL.exe /c /I"C:\Program Files\MySQL\MySQL Server 5.5\include" /ZI /nologo /W3 /WX- /sdl /Od /Oy- /D WIN32 /D _WINDOWS /D _DEBUG /D _CRT_SECURE_NO_WARNINGS /D _UNICODE /D UNICODE /D _AFXDLL /Gm /EHsc /RTC1 /MDd /GS /fp:precise /Zc:wchar_t /Zc:forScope /Yu"stdafx.h" /Fp"Debug\UltrasoundProject.pch" /Fo"Debug\\" /Fd"Debug\vc110.pdb" /Gd /TP /showIncludes /analyze- /errorReport:prompt LiveCam.cpp
         LiveCam.cpp
         Note: including file: d:\用户目录\我的文档\visual studio 2012\projects\ultrasoundproject\ultrasoundproject\UltrasoundProject.h
         Note: including file:  d:\用户目录\我的文档\visual studio 2012\projects\ultrasoundproject\ultrasoundproject\resource.h
         Note: including file: d:\用户目录\我的文档\visual studio 2012\projects\ultrasoundproject\ultrasoundproject\LiveCam.h
         Note: including file:  D:\opencv\build\include\opencv2/opencv.hpp
         Note: including file:   D:\opencv\build\include\opencv2/opencv_modules.hpp
         Note: including file:   D:\opencv\build\include\opencv2/core/core_c.h
         Note: including file:    D:\opencv\build\include\opencv2/core/types_c.h
         Note: including file:     C:\Program Files (x86)\Microsoft Visual Studio 11.0\VC\include\assert.h
         Note: including file:      C:\Program Files (x86)\Microsoft Visual Studio 11.0\VC\include\crtdefs.h
         Note: including file:     C:\Program Files (x86)\Microsoft Visual Studio 11.0\VC\include\float.h
         Note: including file:      C:\Program Files (x86)\Microsoft Visual Studio 11.0\VC\include\crtdefs.h
         Note: including file:      C:\Program Files (x86)\Microsoft Visual Studio 11.0\VC\include\crtwrn.h
         Note: including file:       C:\Program Files (x86)\Microsoft Visual Studio 11.0\VC\include\crtdefs.h
         Note: including file:     C:\Program Files (x86)\Microsoft Visual Studio 11.0\VC\include\math.h
         Note: including file:      C:\Program Files (x86)\Microsoft Visual Studio 11.0\VC\include\crtdefs.h
         Note: including file:     C:\Program Files (x86)\Microsoft Visual Studio 11.0\VC\include\emmintrin.h
         Note: including file:      C:\Program Files (x86)\Microsoft Visual Studio 11.0\VC\include\xmmintrin.h
         Note: including file:       C:\Program Files (x86)\Microsoft Visual Studio 11.0\VC\include\mmintrin.h
         Note: including file:        C:\Program Files (x86)\Microsoft Visual Studio 11.0\VC\include\crtdefs.h
         Note: including file:   D:\opencv\build\include\opencv2/core/core.hpp
         Note: including file:    D:\opencv\build\include\opencv2/core/types_c.h
         Note: including file:    D:\opencv\build\include\opencv2/core/version.hpp
         Note: including file:    C:\Program Files (x86)\Microsoft Visual Studio 11.0\VC\include\algorithm
         Note: including file:     C:\Program Files (x86)\Microsoft Visual Studio 11.0\VC\include\xmemory
         Note: including file:      C:\Program Files (x86)\Microsoft Visual Studio 11.0\VC\include\xmemory0
         Note: including file:       C:\Program Files (x86)\Microsoft Visual Studio 11.0\VC\include\cstdlib
         Note: including file:        C:\Program Files (x86)\Microsoft Visual Studio 11.0\VC\include\yvals.h
         Note: including file:         C:\Program Files (x86)\Microsoft Visual Studio 11.0\VC\include\xkeycheck.h
         Note: including file:         C:\Program Files (x86)\Microsoft Visual Studio 11.0\VC\include\crtdefs.h
         Note: including file:         C:\Program Files (x86)\Microsoft Visual Studio 11.0\VC\include\use_ansi.h
         Note: including file:       C:\Program Files (x86)\Microsoft Visual Studio 11.0\VC\include\limits
         Note: including file:        C:\Program Files (x86)\Microsoft Visual Studio 11.0\VC\include\ymath.h
         Note: including file:        C:\Program Files (x86)\Microsoft Visual Studio 11.0\VC\include\cfloat
         Note: including file:        C:\Program Files (x86)\Microsoft Visual Studio 11.0\VC\include\climits
         Note: including file:        C:\Program Files (x86)\Microsoft Visual Studio 11.0\VC\include\cmath
         Note: including file:         C:\Program Files (x86)\Microsoft Visual Studio 11.0\VC\include\math.h
         Note: including file:         C:\Program Files (x86)\Microsoft Visual Studio 11.0\VC\include\xtgmath.h
         Note: including file:          C:\Program Files (x86)\Microsoft Visual Studio 11.0\VC\include\xtr1common
         Note: including file:        C:\Program Files (x86)\Microsoft Visual Studio 11.0\VC\include\cwchar
         Note: including file:        C:\Program Files (x86)\Microsoft Visual Studio 11.0\VC\include\xstddef
         Note: including file:         C:\Program Files (x86)\Microsoft Visual Studio 11.0\VC\include\cstddef
         Note: including file:       C:\Program Files (x86)\Microsoft Visual Studio 11.0\VC\include\new
         Note: including file:        C:\Program Files (x86)\Microsoft Visual Studio 11.0\VC\include\exception
         Note: including file:         C:\Program Files (x86)\Microsoft Visual Studio 11.0\VC\include\eh.h
         Note: including file:          C:\Program Files (x86)\Microsoft Visual Studio 11.0\VC\include\crtdefs.h
         Note: including file:       C:\Program Files (x86)\Microsoft Visual Studio 11.0\VC\include\xutility
         Note: including file:        C:\Program Files (x86)\Microsoft Visual Studio 11.0\VC\include\utility
         Note: including file:         C:\Program Files (x86)\Microsoft Visual Studio 11.0\VC\include\iosfwd
         Note: including file:          C:\Program Files (x86)\Microsoft Visual Studio 11.0\VC\include\cstdio
         Note: including file:          C:\Program Files (x86)\Microsoft Visual Studio 11.0\VC\include\cstring
         Note: including file:         C:\Program Files (x86)\Microsoft Visual Studio 11.0\VC\include\type_traits
         Note: including file:          C:\Program Files (x86)\Microsoft Visual Studio 11.0\VC\include\xrefwrap
         Note: including file:       C:\Program Files (x86)\Microsoft Visual Studio 11.0\VC\include\xatomic0.h
         Note: including file:       C:\Program Files (x86)\Microsoft Visual Studio 11.0\VC\include\intrin.h
         Note: including file:        C:\Program Files (x86)\Microsoft Visual Studio 11.0\VC\include\crtdefs.h
         Note: including file:        C:\Program Files (x86)\Microsoft Visual Studio 11.0\VC\include\setjmp.h
         Note: including file:         C:\Program Files (x86)\Microsoft Visual Studio 11.0\VC\include\crtdefs.h
         Note: including file:        C:\Program Files (x86)\Microsoft Visual Studio 11.0\VC\include\immintrin.h
         Note: including file:         C:\Program Files (x86)\Microsoft Visual Studio 11.0\VC\include\wmmintrin.h
         Note: including file:          C:\Program Files (x86)\Microsoft Visual Studio 11.0\VC\include\nmmintrin.h
         Note: including file:           C:\Program Files (x86)\Microsoft Visual Studio 11.0\VC\include\smmintrin.h
         Note: including file:            C:\Program Files (x86)\Microsoft Visual Studio 11.0\VC\include\tmmintrin.h
         Note: including file:             C:\Program Files (x86)\Microsoft Visual Studio 11.0\VC\include\pmmintrin.h
         Note: including file:        C:\Program Files (x86)\Microsoft Visual Studio 11.0\VC\include\ammintrin.h
         Note: including file:        C:\Program Files (x86)\Microsoft Visual Studio 11.0\VC\include\mm3dnow.h
         Note: including file:         C:\Program Files (x86)\Microsoft Visual Studio 11.0\VC\include\crtdefs.h
         Note: including file:         C:\Program Files (x86)\Microsoft Visual Studio 11.0\VC\include\mmintrin.h
         Note: including file:    C:\Program Files (x86)\Microsoft Visual Studio 11.0\VC\include\complex
         Note: including file:     C:\Program Files (x86)\Microsoft Visual Studio 11.0\VC\include\ccomplex
         Note: including file:     C:\Program Files (x86)\Microsoft Visual Studio 11.0\VC\include\sstream
         Note: including file:      C:\Program Files (x86)\Microsoft Visual Studio 11.0\VC\include\string
         Note: including file:       C:\Program Files (x86)\Microsoft Visual Studio 11.0\VC\include\iterator
         Note: including file:        C:\Program Files (x86)\Microsoft Visual Studio 11.0\VC\include\istream
         Note: including file:         C:\Program Files (x86)\Microsoft Visual Studio 11.0\VC\include\ostream
         Note: including file:          C:\Program Files (x86)\Microsoft Visual Studio 11.0\VC\include\ios
         Note: including file:           C:\Program Files (x86)\Microsoft Visual Studio 11.0\VC\include\xlocnum
         Note: including file:            C:\Program Files (x86)\Microsoft Visual Studio 11.0\VC\include\streambuf
         Note: including file:             C:\Program Files (x86)\Microsoft Visual Studio 11.0\VC\include\xiosbase
         Note: including file:              C:\Program Files (x86)\Microsoft Visual Studio 11.0\VC\include\xlocale
         Note: including file:               C:\Program Files (x86)\Microsoft Visual Studio 11.0\VC\include\stdexcept
         Note: including file:                C:\Program Files (x86)\Microsoft Visual Studio 11.0\VC\include\xstring
         Note: including file:               C:\Program Files (x86)\Microsoft Visual Studio 11.0\VC\include\typeinfo
         Note: including file:               C:\Program Files (x86)\Microsoft Visual Studio 11.0\VC\include\xlocinfo
         Note: including file:                C:\Program Files (x86)\Microsoft Visual Studio 11.0\VC\include\xlocinfo.h
         Note: including file:                 C:\Program Files (x86)\Microsoft Visual Studio 11.0\VC\include\locale.h
         Note: including file:                  C:\Program Files (x86)\Microsoft Visual Studio 11.0\VC\include\crtdefs.h
         Note: including file:               C:\Program Files (x86)\Microsoft Visual Studio 11.0\VC\include\xdebug
         Note: including file:               C:\Program Files (x86)\Microsoft Visual Studio 11.0\VC\include\xfacet
         Note: including file:              C:\Program Files (x86)\Microsoft Visual Studio 11.0\VC\include\system_error
         Note: including file:               C:\Program Files (x86)\Microsoft Visual Studio 11.0\VC\include\cerrno
         Note: including file:              C:\Program Files (x86)\Microsoft Visual Studio 11.0\VC\include\share.h
         Note: including file:     C:\Program Files (x86)\Microsoft Visual Studio 11.0\VC\include\xcomplex
         Note: including file:    C:\Program Files (x86)\Microsoft Visual Studio 11.0\VC\include\map
         Note: including file:     C:\Program Files (x86)\Microsoft Visual Studio 11.0\VC\include\xtree
         Note: including file:    C:\Program Files (x86)\Microsoft Visual Studio 11.0\VC\include\vector
         Note: including file:    D:\opencv\build\include\opencv2/core/operations.hpp
         Note: including file:    D:\opencv\build\include\opencv2/core/mat.hpp
         Note: including file:   D:\opencv\build\include\opencv2/flann/miniflann.hpp
         Note: including file:    D:\opencv\build\include\opencv2/core/core.hpp
         Note: including file:    D:\opencv\build\include\opencv2/flann/defines.h
         Note: including file:     d:\opencv\build\include\opencv2\flann\config.h
         Note: including file:   D:\opencv\build\include\opencv2/imgproc/imgproc_c.h
         Note: including file:    D:\opencv\build\include\opencv2/core/core_c.h
         Note: including file:    D:\opencv\build\include\opencv2/imgproc/types_c.h
         Note: including file:     D:\opencv\build\include\opencv2/core/core_c.h
         Note: including file:   D:\opencv\build\include\opencv2/imgproc/imgproc.hpp
         Note: including file:    D:\opencv\build\include\opencv2/core/core.hpp
         Note: including file:    D:\opencv\build\include\opencv2/imgproc/types_c.h
         Note: including file:   D:\opencv\build\include\opencv2/photo/photo.hpp
         Note: including file:    D:\opencv\build\include\opencv2/core/core.hpp
         Note: including file:    D:\opencv\build\include\opencv2/imgproc/imgproc.hpp
         Note: including file:    D:\opencv\build\include\opencv2/photo/photo_c.h
         Note: including file:     D:\opencv\build\include\opencv2/core/core_c.h
         Note: including file:   D:\opencv\build\include\opencv2/video/video.hpp
         Note: including file:    D:\opencv\build\include\opencv2/video/tracking.hpp
         Note: including file:     D:\opencv\build\include\opencv2/core/core.hpp
         Note: including file:     D:\opencv\build\include\opencv2/imgproc/imgproc.hpp
         Note: including file:    D:\opencv\build\include\opencv2/video/background_segm.hpp
         Note: including file:     D:\opencv\build\include\opencv2/core/core.hpp
         Note: including file:     C:\Program Files (x86)\Microsoft Visual Studio 11.0\VC\include\list
         Note: including file:   D:\opencv\build\include\opencv2/features2d/features2d.hpp
         Note: including file:    D:\opencv\build\include\opencv2/core/core.hpp
         Note: including file:    D:\opencv\build\include\opencv2/flann/miniflann.hpp
         Note: including file:   D:\opencv\build\include\opencv2/objdetect/objdetect.hpp
         Note: including file:    D:\opencv\build\include\opencv2/core/core.hpp
         Note: including file:    C:\Program Files (x86)\Microsoft Visual Studio 11.0\VC\include\deque
         Note: including file:   D:\opencv\build\include\opencv2/calib3d/calib3d.hpp
         Note: including file:    D:\opencv\build\include\opencv2/core/core.hpp
         Note: including file:    D:\opencv\build\include\opencv2/features2d/features2d.hpp
         Note: including file:    D:\opencv\build\include\opencv2/core/affine.hpp
         Note: including file:     D:\opencv\build\include\opencv2/core/core.hpp
         Note: including file:   D:\opencv\build\include\opencv2/ml/ml.hpp
         Note: including file:    D:\opencv\build\include\opencv2/core/core.hpp
         Note: including file:    C:\Program Files (x86)\Microsoft Visual Studio 11.0\VC\include\iostream
         Note: including file:   D:\opencv\build\include\opencv2/highgui/highgui_c.h
         Note: including file:    D:\opencv\build\include\opencv2/core/core_c.h
         Note: including file:   D:\opencv\build\include\opencv2/highgui/highgui.hpp
         Note: including file:    D:\opencv\build\include\opencv2/core/core.hpp
         Note: including file:    D:\opencv\build\include\opencv2/highgui/highgui_c.h
         Note: including file:   D:\opencv\build\include\opencv2/contrib/contrib.hpp
         Note: including file:    D:\opencv\build\include\opencv2/core/core.hpp
         Note: including file:    D:\opencv\build\include\opencv2/imgproc/imgproc.hpp
         Note: including file:    D:\opencv\build\include\opencv2/features2d/features2d.hpp
         Note: including file:    D:\opencv\build\include\opencv2/objdetect/objdetect.hpp
         Note: including file:    D:\opencv\build\include\opencv2/contrib/retina.hpp
         Note: including file:     D:\opencv\build\include\opencv2/core/core.hpp
         Note: including file:     C:\Program Files (x86)\Microsoft Visual Studio 11.0\VC\include\valarray
         Note: including file:    D:\opencv\build\include\opencv2/contrib/openfabmap.hpp
         Note: including file:     D:\opencv\build\include\opencv2/core/core.hpp
         Note: including file:     D:\opencv\build\include\opencv2/features2d/features2d.hpp
         Note: including file:     C:\Program Files (x86)\Microsoft Visual Studio 11.0\VC\include\set
         Note: including file: D:\opencv\build\include\opencv2/objdetect/objdetect.hpp
         Note: including file: D:\opencv\build\include\opencv2/highgui/highgui.hpp
         Note: including file: D:\opencv\build\include\opencv2/imgproc/imgproc.hpp
         Note: including file: D:\opencv\build\include\opencv2/imgproc/types_c.h
         Note: including file: D:\opencv\build\include\opencv2/core/core.hpp
         Note: including file: D:\opencv\build\include\opencv2/highgui/highgui.hpp
         Note: including file: D:\opencv\build\include\opencv2/highgui/highgui_c.h
         Note: including file: D:\opencv\build\include\opencv\cv.h
         Note: including file:  D:\opencv\build\include\opencv2/core/core_c.h
         Note: including file:  D:\opencv\build\include\opencv2/core/core.hpp
         Note: including file:  D:\opencv\build\include\opencv2/imgproc/imgproc_c.h
         Note: including file:  D:\opencv\build\include\opencv2/imgproc/imgproc.hpp
         Note: including file:  D:\opencv\build\include\opencv2/video/tracking.hpp
         Note: including file:  D:\opencv\build\include\opencv2/features2d/features2d.hpp
         Note: including file:  D:\opencv\build\include\opencv2/flann/flann.hpp
         Note: including file:   D:\opencv\build\include\opencv2/core/types_c.h
         Note: including file:   D:\opencv\build\include\opencv2/core/core.hpp
         Note: including file:   D:\opencv\build\include\opencv2/flann/flann_base.hpp
         Note: including file:    C:\Program Files (x86)\Microsoft Visual Studio 11.0\VC\include\cassert
         Note: including file:     C:\Program Files (x86)\Microsoft Visual Studio 11.0\VC\include\assert.h
         Note: including file:      C:\Program Files (x86)\Microsoft Visual Studio 11.0\VC\include\crtdefs.h
         Note: including file:    d:\opencv\build\include\opencv2\flann\general.h
         Note: including file:     d:\opencv\build\include\opencv2\flann\defines.h
         Note: including file:     C:\Program Files (x86)\Microsoft Visual Studio 11.0\VC\include\cassert
         Note: including file:      C:\Program Files (x86)\Microsoft Visual Studio 11.0\VC\include\assert.h
         Note: including file:       C:\Program Files (x86)\Microsoft Visual Studio 11.0\VC\include\crtdefs.h
         Note: including file:    d:\opencv\build\include\opencv2\flann\matrix.h
         Note: including file:     d:\opencv\build\include\opencv2\flann\general.h
         Note: including file:    d:\opencv\build\include\opencv2\flann\params.h
         Note: including file:     d:\opencv\build\include\opencv2\flann\any.h
         Note: including file:      d:\opencv\build\include\opencv2\flann\defines.h
         Note: including file:     d:\opencv\build\include\opencv2\flann\general.h
         Note: including file:    d:\opencv\build\include\opencv2\flann\saving.h
         Note: including file:     d:\opencv\build\include\opencv2\flann\general.h
         Note: including file:     d:\opencv\build\include\opencv2\flann\nn_index.h
         Note: including file:      d:\opencv\build\include\opencv2\flann\general.h
         Note: including file:      d:\opencv\build\include\opencv2\flann\matrix.h
         Note: including file:      d:\opencv\build\include\opencv2\flann\result_set.h
         Note: including file:      d:\opencv\build\include\opencv2\flann\params.h
         Note: including file:    d:\opencv\build\include\opencv2\flann\all_indices.h
         Note: including file:     d:\opencv\build\include\opencv2\flann\general.h
         Note: including file:     d:\opencv\build\include\opencv2\flann\nn_index.h
         Note: including file:     d:\opencv\build\include\opencv2\flann\kdtree_index.h
         Note: including file:      C:\Program Files (x86)\Microsoft Visual Studio 11.0\VC\include\cassert
         Note: including file:       C:\Program Files (x86)\Microsoft Visual Studio 11.0\VC\include\assert.h
         Note: including file:        C:\Program Files (x86)\Microsoft Visual Studio 11.0\VC\include\crtdefs.h
         Note: including file:      d:\opencv\build\include\opencv2\flann\general.h
         Note: including file:      d:\opencv\build\include\opencv2\flann\nn_index.h
         Note: including file:      d:\opencv\build\include\opencv2\flann\dynamic_bitset.h
         Note: including file:       d:\opencv\build\include\opencv2\flann\dist.h
         Note: including file:        d:\opencv\build\include\opencv2\flann\defines.h
         Note: including file:      d:\opencv\build\include\opencv2\flann\matrix.h
         Note: including file:      d:\opencv\build\include\opencv2\flann\result_set.h
         Note: including file:      d:\opencv\build\include\opencv2\flann\heap.h
         Note: including file:      d:\opencv\build\include\opencv2\flann\allocator.h
         Note: including file:      d:\opencv\build\include\opencv2\flann\random.h
         Note: including file:       d:\opencv\build\include\opencv2\flann\general.h
         Note: including file:      d:\opencv\build\include\opencv2\flann\saving.h
         Note: including file:     d:\opencv\build\include\opencv2\flann\kdtree_single_index.h
         Note: including file:      C:\Program Files (x86)\Microsoft Visual Studio 11.0\VC\include\cassert
         Note: including file:       C:\Program Files (x86)\Microsoft Visual Studio 11.0\VC\include\assert.h
         Note: including file:        C:\Program Files (x86)\Microsoft Visual Studio 11.0\VC\include\crtdefs.h
         Note: including file:      d:\opencv\build\include\opencv2\flann\general.h
         Note: including file:      d:\opencv\build\include\opencv2\flann\nn_index.h
         Note: including file:      d:\opencv\build\include\opencv2\flann\matrix.h
         Note: including file:      d:\opencv\build\include\opencv2\flann\result_set.h
         Note: including file:      d:\opencv\build\include\opencv2\flann\heap.h
         Note: including file:      d:\opencv\build\include\opencv2\flann\allocator.h
         Note: including file:      d:\opencv\build\include\opencv2\flann\random.h
         Note: including file:      d:\opencv\build\include\opencv2\flann\saving.h
         Note: including file:     d:\opencv\build\include\opencv2\flann\kmeans_index.h
         Note: including file:      C:\Program Files (x86)\Microsoft Visual Studio 11.0\VC\include\cassert
         Note: including file:       C:\Program Files (x86)\Microsoft Visual Studio 11.0\VC\include\assert.h
         Note: including file:        C:\Program Files (x86)\Microsoft Visual Studio 11.0\VC\include\crtdefs.h
         Note: including file:      d:\opencv\build\include\opencv2\flann\general.h
         Note: including file:      d:\opencv\build\include\opencv2\flann\nn_index.h
         Note: including file:      d:\opencv\build\include\opencv2\flann\dist.h
         Note: including file:      d:\opencv\build\include\opencv2\flann\matrix.h
         Note: including file:      d:\opencv\build\include\opencv2\flann\result_set.h
         Note: including file:      d:\opencv\build\include\opencv2\flann\heap.h
         Note: including file:      d:\opencv\build\include\opencv2\flann\allocator.h
         Note: including file:      d:\opencv\build\include\opencv2\flann\random.h
         Note: including file:      d:\opencv\build\include\opencv2\flann\saving.h
         Note: including file:      d:\opencv\build\include\opencv2\flann\logger.h
         Note: including file:       d:\opencv\build\include\opencv2\flann\defines.h
         Note: including file:     d:\opencv\build\include\opencv2\flann\composite_index.h
         Note: including file:      d:\opencv\build\include\opencv2\flann\general.h
         Note: including file:      d:\opencv\build\include\opencv2\flann\nn_index.h
         Note: including file:      d:\opencv\build\include\opencv2\flann\kdtree_index.h
         Note: including file:      d:\opencv\build\include\opencv2\flann\kmeans_index.h
         Note: including file:     d:\opencv\build\include\opencv2\flann\linear_index.h
         Note: including file:      d:\opencv\build\include\opencv2\flann\general.h
         Note: including file:      d:\opencv\build\include\opencv2\flann\nn_index.h
         Note: including file:     d:\opencv\build\include\opencv2\flann\hierarchical_clustering_index.h
         Note: including file:      C:\Program Files (x86)\Microsoft Visual Studio 11.0\VC\include\cassert
         Note: including file:       C:\Program Files (x86)\Microsoft Visual Studio 11.0\VC\include\assert.h
         Note: including file:        C:\Program Files (x86)\Microsoft Visual Studio 11.0\VC\include\crtdefs.h
         Note: including file:      d:\opencv\build\include\opencv2\flann\general.h
         Note: including file:      d:\opencv\build\include\opencv2\flann\nn_index.h
         Note: including file:      d:\opencv\build\include\opencv2\flann\dist.h
         Note: including file:      d:\opencv\build\include\opencv2\flann\matrix.h
         Note: including file:      d:\opencv\build\include\opencv2\flann\result_set.h
         Note: including file:      d:\opencv\build\include\opencv2\flann\heap.h
         Note: including file:      d:\opencv\build\include\opencv2\flann\allocator.h
         Note: including file:      d:\opencv\build\include\opencv2\flann\random.h
         Note: including file:      d:\opencv\build\include\opencv2\flann\saving.h
         Note: including file:     d:\opencv\build\include\opencv2\flann\lsh_index.h
         Note: including file:      C:\Program Files (x86)\Microsoft Visual Studio 11.0\VC\include\cassert
         Note: including file:       C:\Program Files (x86)\Microsoft Visual Studio 11.0\VC\include\assert.h
         Note: including file:        C:\Program Files (x86)\Microsoft Visual Studio 11.0\VC\include\crtdefs.h
         Note: including file:      d:\opencv\build\include\opencv2\flann\general.h
         Note: including file:      d:\opencv\build\include\opencv2\flann\nn_index.h
         Note: including file:      d:\opencv\build\include\opencv2\flann\matrix.h
         Note: including file:      d:\opencv\build\include\opencv2\flann\result_set.h
         Note: including file:      d:\opencv\build\include\opencv2\flann\heap.h
         Note: including file:      d:\opencv\build\include\opencv2\flann\lsh_table.h
         Note: including file:       C:\Program Files (x86)\Microsoft Visual Studio 11.0\VC\include\iomanip
         Note: including file:        C:\Program Files (x86)\Microsoft Visual Studio 11.0\VC\include\xlocmon
         Note: including file:        C:\Program Files (x86)\Microsoft Visual Studio 11.0\VC\include\xloctime
         Note: including file:         C:\Program Files (x86)\Microsoft Visual Studio 11.0\VC\include\ctime
         Note: including file:       C:\Program Files (x86)\Microsoft Visual Studio 11.0\VC\include\math.h
         Note: including file:       d:\opencv\build\include\opencv2\flann\dynamic_bitset.h
         Note: including file:       d:\opencv\build\include\opencv2\flann\matrix.h
         Note: including file:      d:\opencv\build\include\opencv2\flann\allocator.h
         Note: including file:      d:\opencv\build\include\opencv2\flann\random.h
         Note: including file:      d:\opencv\build\include\opencv2\flann\saving.h
         Note: including file:     d:\opencv\build\include\opencv2\flann\autotuned_index.h
         Note: including file:      d:\opencv\build\include\opencv2\flann\general.h
         Note: including file:      d:\opencv\build\include\opencv2\flann\nn_index.h
         Note: including file:      d:\opencv\build\include\opencv2\flann\ground_truth.h
         Note: including file:       d:\opencv\build\include\opencv2\flann\dist.h
         Note: including file:       d:\opencv\build\include\opencv2\flann\matrix.h
         Note: including file:      d:\opencv\build\include\opencv2\flann\index_testing.h
         Note: including file:       C:\Program Files (x86)\Microsoft Visual Studio 11.0\VC\include\cassert
         Note: including file:        C:\Program Files (x86)\Microsoft Visual Studio 11.0\VC\include\assert.h
         Note: including file:         C:\Program Files (x86)\Microsoft Visual Studio 11.0\VC\include\crtdefs.h
         Note: including file:       d:\opencv\build\include\opencv2\flann\matrix.h
         Note: including file:       d:\opencv\build\include\opencv2\flann\nn_index.h
         Note: including file:       d:\opencv\build\include\opencv2\flann\result_set.h
         Note: including file:       d:\opencv\build\include\opencv2\flann\logger.h
         Note: including file:       d:\opencv\build\include\opencv2\flann\timer.h
         Note: including file:      d:\opencv\build\include\opencv2\flann\sampling.h
         Note: including file:       d:\opencv\build\include\opencv2\flann\matrix.h
         Note: including file:       d:\opencv\build\include\opencv2\flann\random.h
         Note: including file:      d:\opencv\build\include\opencv2\flann\kdtree_index.h
         Note: including file:      d:\opencv\build\include\opencv2\flann\kdtree_single_index.h
         Note: including file:      d:\opencv\build\include\opencv2\flann\kmeans_index.h
         Note: including file:      d:\opencv\build\include\opencv2\flann\composite_index.h
         Note: including file:      d:\opencv\build\include\opencv2\flann\linear_index.h
         Note: including file:      d:\opencv\build\include\opencv2\flann\logger.h
         Note: including file:   D:\opencv\build\include\opencv2/flann/miniflann.hpp
         Note: including file:  D:\opencv\build\include\opencv2/calib3d/calib3d.hpp
         Note: including file:  D:\opencv\build\include\opencv2/objdetect/objdetect.hpp
         Note: including file:  D:\opencv\build\include\opencv2/legacy/compat.hpp
         Note: including file:   D:\opencv\build\include\opencv2/core/core_c.h
         Note: including file:   D:\opencv\build\include\opencv2/imgproc/types_c.h
         Note: including file:   C:\Program Files (x86)\Microsoft Visual Studio 11.0\VC\include\math.h
         Note: including file:  D:\opencv\build\include\opencv2/core/internal.hpp
         Note: including file:   D:\opencv\build\include\opencv2/core/core.hpp
         Note: including file:   D:\opencv\build\include\opencv2/core/types_c.h
     1>d:\用户目录\我的文档\visual studio 2012\projects\ultrasoundproject\ultrasoundproject\livecam.cpp(192): warning C4244: 'argument' : conversion from 'double' to 'int', possible loss of data
     1>d:\用户目录\我的文档\visual studio 2012\projects\ultrasoundproject\ultrasoundproject\livecam.cpp(197): warning C4244: 'argument' : conversion from 'double' to 'int', possible loss of data
     1>d:\用户目录\我的文档\visual studio 2012\projects\ultrasoundproject\ultrasoundproject\livecam.cpp(279): warning C4244: 'argument' : conversion from 'double' to 'int', possible loss of data
     1>d:\用户目录\我的文档\visual studio 2012\projects\ultrasoundproject\ultrasoundproject\livecam.cpp(287): warning C4244: 'argument' : conversion from 'double' to 'int', possible loss of data
     1>cl : Command line warning D9028: minimal rebuild failure, reverting to normal build
       Link:
         C:\Program Files (x86)\Microsoft Visual Studio 11.0\VC\bin\link.exe /ERRORREPORT:PROMPT /OUT:"D:\用户目录\我的文档\Visual Studio 2012\Projects\UltrasoundProject\Debug\UltrasoundProject.exe" /INCREMENTAL /NOLOGO /LIBPATH:"C:\Program Files\MySQL\MySQL Server 5.5\lib" libmysql32.lib opencv_ml2413d.lib opencv_calib3d2413d.lib opencv_contrib2413d.lib opencv_core2413d.lib opencv_features2d2413d.lib opencv_flann2413d.lib opencv_gpu2413d.lib opencv_highgui2413d.lib opencv_imgproc2413d.lib opencv_legacy2413d.lib opencv_objdetect2413d.lib opencv_ts2413d.lib opencv_video2413d.lib opencv_nonfree2413d.lib opencv_ocl2413d.lib opencv_photo2413d.lib opencv_stitching2413d.lib opencv_superres2413d.lib opencv_videostab2413d.lib opencv_objdetect2413.lib opencv_ts2413.lib opencv_video2413.lib opencv_nonfree2413.lib opencv_ocl2413.lib opencv_photo2413.lib opencv_stitching2413.lib opencv_superres2413.lib opencv_videostab2413.lib opencv_calib3d2413.lib opencv_contrib2413.lib opencv_core2413.lib opencv_features2d2413.lib opencv_flann2413.lib opencv_gpu2413.lib opencv_highgui2413.lib opencv_imgproc2413.lib opencv_legacy2413.lib opencv_ml2413.lib /MANIFEST /MANIFESTUAC:"level='asInvoker' uiAccess='false'" /manifest:embed /manifestinput:"C:\Program Files (x86)\Microsoft Visual Studio 11.0\VC\Include\Manifest\dpiaware.manifest" /DEBUG /PDB:"D:\用户目录\我的文档\Visual Studio 2012\Projects\UltrasoundProject\Debug\UltrasoundProject.pdb" /SUBSYSTEM:WINDOWS /TLBID:1 /ENTRY:"wWinMainCRTStartup" /DYNAMICBASE /NXCOMPAT /IMPLIB:"D:\用户目录\我的文档\Visual Studio 2012\Projects\UltrasoundProject\Debug\UltrasoundProject.lib" /MACHINE:X86 Debug\UltrasoundProject.res
         Debug\CWMPPlayer4.obj
         Debug\LiveCam.obj
         Debug\PlayVideo.obj
         Debug\SelectWords.obj
         Debug\stdafx.obj
         Debug\UltrasoundProject.obj
         Debug\UltrasoundProjectDlg.obj
         UltrasoundProject.vcxproj -> D:\用户目录\我的文档\Visual Studio 2012\Projects\UltrasoundProject\Debug\UltrasoundProject.exe
     1>Done Building Project "D:\用户目录\我的文档\Visual Studio 2012\Projects\UltrasoundProject\UltrasoundProject\UltrasoundProject.vcxproj" (Build target(s)).

Build succeeded.

Time Elapsed 00:00:27.12
