D:\用户目录\我的文档\VISUAL STUDIO 2012\PROJECTS\ULTRASOUNDPROJECT\ULTRASOUNDPROJECT\DEBUG\ULTRASOUNDPROJECT.PCH
D:\用户目录\我的文档\VISUAL STUDIO 2012\PROJECTS\ULTRASOUNDPROJECT\ULTRASOUNDPROJECT\DEBUG\STDAFX.OBJ
D:\用户目录\我的文档\VISUAL STUDIO 2012\PROJECTS\ULTRASOUNDPROJECT\ULTRASOUNDPROJECT\DEBUG\VC110.PDB
D:\用户目录\我的文档\VISUAL STUDIO 2012\PROJECTS\ULTRASOUNDPROJECT\ULTRASOUNDPROJECT\DEBUG\CWMPPLAYER4.OBJ
D:\用户目录\我的文档\VISUAL STUDIO 2012\PROJECTS\ULTRASOUNDPROJECT\ULTRASOUNDPROJECT\DEBUG\LIVECAM.OBJ
D:\用户目录\我的文档\VISUAL STUDIO 2012\PROJECTS\ULTRASOUNDPROJECT\ULTRASOUNDPROJECT\DEBUG\PLAYVIDEO.OBJ
D:\用户目录\我的文档\VISUAL STUDIO 2012\PROJECTS\ULTRASOUNDPROJECT\ULTRASOUNDPROJECT\DEBUG\SELECTWORDS.OBJ
D:\用户目录\我的文档\VISUAL STUDIO 2012\PROJECTS\ULTRASOUNDPROJECT\ULTRASOUNDPROJECT\DEBUG\ULTRASOUNDPROJECT.OBJ
D:\用户目录\我的文档\VISUAL STUDIO 2012\PROJECTS\ULTRASOUNDPROJECT\ULTRASOUNDPROJECT\DEBUG\ULTRASOUNDPROJECTDLG.OBJ
D:\用户目录\我的文档\VISUAL STUDIO 2012\PROJECTS\ULTRASOUNDPROJECT\DEBUG\ULTRASOUNDPROJECT.ILK
D:\用户目录\我的文档\VISUAL STUDIO 2012\PROJECTS\ULTRASOUNDPROJECT\DEBUG\ULTRASOUNDPROJECT.EXE
D:\用户目录\我的文档\VISUAL STUDIO 2012\PROJECTS\ULTRASOUNDPROJECT\DEBUG\ULTRASOUNDPROJECT.PDB
D:\用户目录\我的文档\VISUAL STUDIO 2012\PROJECTS\ULTRASOUNDPROJECT\ULTRASOUNDPROJECT\DEBUG\ULTRASOUNDPROJECT.RES
D:\用户目录\我的文档\Visual Studio 2012\Projects\UltrasoundProject\UltrasoundProject\Debug\CWMPPlayer4.obj
D:\用户目录\我的文档\Visual Studio 2012\Projects\UltrasoundProject\UltrasoundProject\Debug\LiveCam.obj
D:\用户目录\我的文档\Visual Studio 2012\Projects\UltrasoundProject\UltrasoundProject\Debug\PlayVideo.obj
D:\用户目录\我的文档\Visual Studio 2012\Projects\UltrasoundProject\UltrasoundProject\Debug\SelectWords.obj
D:\用户目录\我的文档\Visual Studio 2012\Projects\UltrasoundProject\UltrasoundProject\Debug\stdafx.obj
D:\用户目录\我的文档\Visual Studio 2012\Projects\UltrasoundProject\UltrasoundProject\Debug\UltrasoundProject.obj
D:\用户目录\我的文档\Visual Studio 2012\Projects\UltrasoundProject\UltrasoundProject\Debug\UltrasoundProjectDlg.obj
D:\用户目录\我的文档\Visual Studio 2012\Projects\UltrasoundProject\UltrasoundProject\Debug\cl.command.1.tlog
D:\用户目录\我的文档\Visual Studio 2012\Projects\UltrasoundProject\UltrasoundProject\Debug\CL.read.1.tlog
D:\用户目录\我的文档\Visual Studio 2012\Projects\UltrasoundProject\UltrasoundProject\Debug\CL.write.1.tlog
D:\用户目录\我的文档\Visual Studio 2012\Projects\UltrasoundProject\UltrasoundProject\Debug\link-cvtres.read.1.tlog
D:\用户目录\我的文档\Visual Studio 2012\Projects\UltrasoundProject\UltrasoundProject\Debug\link-cvtres.write.1.tlog
D:\用户目录\我的文档\Visual Studio 2012\Projects\UltrasoundProject\UltrasoundProject\Debug\link-mt.read.1.tlog
D:\用户目录\我的文档\Visual Studio 2012\Projects\UltrasoundProject\UltrasoundProject\Debug\link-mt.write.1.tlog
D:\用户目录\我的文档\Visual Studio 2012\Projects\UltrasoundProject\UltrasoundProject\Debug\link-rc.read.1.tlog
D:\用户目录\我的文档\Visual Studio 2012\Projects\UltrasoundProject\UltrasoundProject\Debug\link-rc.write.1.tlog
D:\用户目录\我的文档\Visual Studio 2012\Projects\UltrasoundProject\UltrasoundProject\Debug\link.command.1.tlog
D:\用户目录\我的文档\Visual Studio 2012\Projects\UltrasoundProject\UltrasoundProject\Debug\link.read.1.tlog
D:\用户目录\我的文档\Visual Studio 2012\Projects\UltrasoundProject\UltrasoundProject\Debug\link.write.1.tlog
D:\用户目录\我的文档\Visual Studio 2012\Projects\UltrasoundProject\UltrasoundProject\Debug\rc.command.1.tlog
D:\用户目录\我的文档\Visual Studio 2012\Projects\UltrasoundProject\UltrasoundProject\Debug\rc.read.1.tlog
D:\用户目录\我的文档\Visual Studio 2012\Projects\UltrasoundProject\UltrasoundProject\Debug\rc.write.1.tlog
D:\用户目录\我的文档\Visual Studio 2012\Projects\UltrasoundProject\UltrasoundProject\Debug\UltrasoundProject.res
D:\用户目录\我的文档\Visual Studio 2012\Projects\UltrasoundProject\UltrasoundProject\Debug\UltrasoundProject.pch
D:\用户目录\我的文档\Visual Studio 2012\Projects\UltrasoundProject\UltrasoundProject\Debug\vc110.idb
D:\用户目录\我的文档\Visual Studio 2012\Projects\UltrasoundProject\UltrasoundProject\Debug\vc110.pdb
D:\用户目录\我的文档\Visual Studio 2012\Projects\UltrasoundProject\Debug\UltrasoundProject.pdb
D:\用户目录\我的文档\Visual Studio 2012\Projects\UltrasoundProject\Debug\UltrasoundProject.exe
D:\用户目录\我的文档\Visual Studio 2012\Projects\UltrasoundProject\Debug\UltrasoundProject.ilk
